This file contains any messages produced by compilers while
running configure, to aid debugging if configure makes a mistake.

It was created by configure, which was
generated by GNU Autoconf 2.68.  Invocation command line was

  $ /spare/Telstra/httpd2.4.4/httpd-2.4.4/srclib/apr/configure --disable-option-checking CC=/usr/bin/gcc CXX= CFLAGS=-g3 -gdwarf-2 CXXFLAGS=-g3 -gdwarf-2 --cache-file=/dev/null --srcdir=/spare/Telstra/httpd2.4.4/httpd-2.4.4/srclib/apr --prefix=/usr/local/apache2 --exec-prefix=/usr/local/apache2 --libdir=${prefix}/lib --includedir=/usr/local/apache2/include --bindir=${prefix}/bin --datadir=/usr/local/apache2 --with-installbuilddir=${prefix}/build

## --------- ##
## Platform. ##
## --------- ##

hostname = sandy.nastyhaus.com
uname -m = x86_64
uname -r = 3.9.4-200.fc18.x86_64
uname -s = Linux
uname -v = #1 SMP Fri May 24 20:10:49 UTC 2013

/usr/bin/uname -p = x86_64
/bin/uname -X     = unknown

/bin/arch              = x86_64
/usr/bin/arch -k       = unknown
/usr/convex/getsysinfo = unknown
/usr/bin/hostinfo      = unknown
/bin/machine           = unknown
/usr/bin/oslevel       = unknown
/bin/universe          = unknown

PATH: /usr/bin
PATH: /bin
PATH: /usr/bin
PATH: /usr/lib64/qt-3.3/bin
PATH: /usr/lib64/ccache
PATH: /usr/local/bin
PATH: /usr/bin
PATH: /bin
PATH: /usr/local/sbin
PATH: /usr/sbin
PATH: /home/michael/.local/bin
PATH: /home/michael/bin


## ----------- ##
## Core tests. ##
## ----------- ##

configure:4580: checking build system type
configure:4594: result: x86_64-unknown-linux-gnu
configure:4614: checking host system type
configure:4627: result: x86_64-unknown-linux-gnu
configure:4647: checking target system type
configure:4660: result: x86_64-unknown-linux-gnu
configure:4723: checking for working mkdir -p
configure:4739: result: yes
configure:4831: checking for chosen layout
configure:4833: result: apr
configure:5098: checking for gcc
configure:5125: result: /usr/bin/gcc
configure:5354: checking for C compiler version
configure:5363: /usr/bin/gcc --version >&5
gcc (GCC) 4.7.2 20121109 (Red Hat 4.7.2-8)
Copyright (C) 2012 Free Software Foundation, Inc.
This is free software; see the source for copying conditions.  There is NO
warranty; not even for MERCHANTABILITY or FITNESS FOR A PARTICULAR PURPOSE.

configure:5374: $? = 0
configure:5363: /usr/bin/gcc -v >&5
Using built-in specs.
COLLECT_GCC=/usr/bin/gcc
COLLECT_LTO_WRAPPER=/usr/libexec/gcc/x86_64-redhat-linux/4.7.2/lto-wrapper
Target: x86_64-redhat-linux
Configured with: ../configure --prefix=/usr --mandir=/usr/share/man --infodir=/usr/share/info --with-bugurl=http://bugzilla.redhat.com/bugzilla --enable-bootstrap --enable-shared --enable-threads=posix --enable-checking=release --disable-build-with-cxx --disable-build-poststage1-with-cxx --with-system-zlib --enable-__cxa_atexit --disable-libunwind-exceptions --enable-gnu-unique-object --enable-linker-build-id --with-linker-hash-style=gnu --enable-languages=c,c++,objc,obj-c++,java,fortran,ada,go,lto --enable-plugin --enable-initfini-array --enable-java-awt=gtk --disable-dssi --with-java-home=/usr/lib/jvm/java-1.5.0-gcj-1.5.0.0/jre --enable-libgcj-multifile --enable-java-maintainer-mode --with-ecj-jar=/usr/share/java/eclipse-ecj.jar --disable-libjava-multilib --with-ppl --with-cloog --with-tune=generic --with-arch_32=i686 --build=x86_64-redhat-linux
Thread model: posix
gcc version 4.7.2 20121109 (Red Hat 4.7.2-8) (GCC) 
configure:5374: $? = 0
configure:5363: /usr/bin/gcc -V >&5
gcc: error: unrecognized command line option '-V'
gcc: fatal error: no input files
compilation terminated.
configure:5374: $? = 4
configure:5363: /usr/bin/gcc -qversion >&5
gcc: error: unrecognized command line option '-qversion'
gcc: fatal error: no input files
compilation terminated.
configure:5374: $? = 4
configure:5394: checking whether the C compiler works
configure:5416: /usr/bin/gcc -g3 -gdwarf-2   conftest.c  >&5
configure:5420: $? = 0
configure:5468: result: yes
configure:5471: checking for C compiler default output file name
configure:5473: result: a.out
configure:5479: checking for suffix of executables
configure:5486: /usr/bin/gcc -o conftest -g3 -gdwarf-2   conftest.c  >&5
configure:5490: $? = 0
configure:5512: result: 
configure:5534: checking whether we are cross compiling
configure:5542: /usr/bin/gcc -o conftest -g3 -gdwarf-2   conftest.c  >&5
configure:5546: $? = 0
configure:5553: ./conftest
configure:5557: $? = 0
configure:5572: result: no
configure:5577: checking for suffix of object files
configure:5599: /usr/bin/gcc -c -g3 -gdwarf-2  conftest.c >&5
configure:5603: $? = 0
configure:5624: result: o
configure:5628: checking whether we are using the GNU C compiler
configure:5647: /usr/bin/gcc -c -g3 -gdwarf-2  conftest.c >&5
configure:5647: $? = 0
configure:5656: result: yes
configure:5665: checking whether /usr/bin/gcc accepts -g
configure:5685: /usr/bin/gcc -c -g  conftest.c >&5
configure:5685: $? = 0
configure:5726: result: yes
configure:5743: checking for /usr/bin/gcc option to accept ISO C89
configure:5807: /usr/bin/gcc  -c -g3 -gdwarf-2  conftest.c >&5
configure:5807: $? = 0
configure:5820: result: none needed
configure:5841: checking for a sed that does not truncate output
configure:5905: result: /usr/bin/sed
configure:9329: checking whether make sets $(MAKE)
configure:9351: result: yes
configure:9365: checking how to run the C preprocessor
configure:9396: /usr/bin/gcc -E -D_REENTRANT -D_GNU_SOURCE conftest.c
configure:9396: $? = 0
configure:9410: /usr/bin/gcc -E -D_REENTRANT -D_GNU_SOURCE conftest.c
conftest.c:9:28: fatal error: ac_nonexistent.h: No such file or directory
compilation terminated.
configure:9410: $? = 1
configure: failed program was:
| /* confdefs.h */
| #define PACKAGE_NAME ""
| #define PACKAGE_TARNAME ""
| #define PACKAGE_VERSION ""
| #define PACKAGE_STRING ""
| #define PACKAGE_BUGREPORT ""
| #define PACKAGE_URL ""
| /* end confdefs.h.  */
| #include <ac_nonexistent.h>
configure:9435: result: /usr/bin/gcc -E
configure:9455: /usr/bin/gcc -E -D_REENTRANT -D_GNU_SOURCE conftest.c
configure:9455: $? = 0
configure:9469: /usr/bin/gcc -E -D_REENTRANT -D_GNU_SOURCE conftest.c
conftest.c:9:28: fatal error: ac_nonexistent.h: No such file or directory
compilation terminated.
configure:9469: $? = 1
configure: failed program was:
| /* confdefs.h */
| #define PACKAGE_NAME ""
| #define PACKAGE_TARNAME ""
| #define PACKAGE_VERSION ""
| #define PACKAGE_STRING ""
| #define PACKAGE_BUGREPORT ""
| #define PACKAGE_URL ""
| /* end confdefs.h.  */
| #include <ac_nonexistent.h>
configure:9501: checking for gawk
configure:9517: found /usr/bin/gawk
configure:9528: result: gawk
configure:9539: checking whether ln -s works
configure:9543: result: yes
configure:9593: checking for ranlib
configure:9609: found /usr/bin/ranlib
configure:9620: result: ranlib
configure:9656: checking for a BSD-compatible install
configure:9724: result: /usr/bin/install -c
configure:9737: checking for rm
configure:9753: found /usr/bin/rm
configure:9764: result: rm
configure:9774: checking for as
configure:9790: found /usr/bin/as
configure:9801: result: as
configure:9811: checking for cpp
configure:9827: found /usr/bin/cpp
configure:9838: result: cpp
configure:9889: checking for ar
configure:9905: found /usr/bin/ar
configure:9916: result: ar
configure:9942: checking for grep that handles long lines and -e
configure:10000: result: /usr/bin/grep
configure:10005: checking for egrep
configure:10067: result: /usr/bin/grep -E
configure:10072: checking for ANSI C header files
configure:10092: /usr/bin/gcc -c -g3 -gdwarf-2 -D_REENTRANT -D_GNU_SOURCE conftest.c >&5
configure:10092: $? = 0
configure:10165: /usr/bin/gcc -o conftest -g3 -gdwarf-2 -D_REENTRANT -D_GNU_SOURCE  conftest.c  >&5
configure:10165: $? = 0
configure:10165: ./conftest
configure:10165: $? = 0
configure:10176: result: yes
configure:10189: checking for sys/types.h
configure:10189: /usr/bin/gcc -c -g3 -gdwarf-2 -D_REENTRANT -D_GNU_SOURCE conftest.c >&5
configure:10189: $? = 0
configure:10189: result: yes
configure:10189: checking for sys/stat.h
configure:10189: /usr/bin/gcc -c -g3 -gdwarf-2 -D_REENTRANT -D_GNU_SOURCE conftest.c >&5
configure:10189: $? = 0
configure:10189: result: yes
configure:10189: checking for stdlib.h
configure:10189: /usr/bin/gcc -c -g3 -gdwarf-2 -D_REENTRANT -D_GNU_SOURCE conftest.c >&5
configure:10189: $? = 0
configure:10189: result: yes
configure:10189: checking for string.h
configure:10189: /usr/bin/gcc -c -g3 -gdwarf-2 -D_REENTRANT -D_GNU_SOURCE conftest.c >&5
configure:10189: $? = 0
configure:10189: result: yes
configure:10189: checking for memory.h
configure:10189: /usr/bin/gcc -c -g3 -gdwarf-2 -D_REENTRANT -D_GNU_SOURCE conftest.c >&5
configure:10189: $? = 0
configure:10189: result: yes
configure:10189: checking for strings.h
configure:10189: /usr/bin/gcc -c -g3 -gdwarf-2 -D_REENTRANT -D_GNU_SOURCE conftest.c >&5
configure:10189: $? = 0
configure:10189: result: yes
configure:10189: checking for inttypes.h
configure:10189: /usr/bin/gcc -c -g3 -gdwarf-2 -D_REENTRANT -D_GNU_SOURCE conftest.c >&5
configure:10189: $? = 0
configure:10189: result: yes
configure:10189: checking for stdint.h
configure:10189: /usr/bin/gcc -c -g3 -gdwarf-2 -D_REENTRANT -D_GNU_SOURCE conftest.c >&5
configure:10189: $? = 0
configure:10189: result: yes
configure:10189: checking for unistd.h
configure:10189: /usr/bin/gcc -c -g3 -gdwarf-2 -D_REENTRANT -D_GNU_SOURCE conftest.c >&5
configure:10189: $? = 0
configure:10189: result: yes
configure:10202: checking minix/config.h usability
configure:10202: /usr/bin/gcc -c -g3 -gdwarf-2 -D_REENTRANT -D_GNU_SOURCE conftest.c >&5
conftest.c:52:26: fatal error: minix/config.h: No such file or directory
compilation terminated.
configure:10202: $? = 1
configure: failed program was:
| /* confdefs.h */
| #define PACKAGE_NAME ""
| #define PACKAGE_TARNAME ""
| #define PACKAGE_VERSION ""
| #define PACKAGE_STRING ""
| #define PACKAGE_BUGREPORT ""
| #define PACKAGE_URL ""
| #define STDC_HEADERS 1
| #define HAVE_SYS_TYPES_H 1
| #define HAVE_SYS_STAT_H 1
| #define HAVE_STDLIB_H 1
| #define HAVE_STRING_H 1
| #define HAVE_MEMORY_H 1
| #define HAVE_STRINGS_H 1
| #define HAVE_INTTYPES_H 1
| #define HAVE_STDINT_H 1
| #define HAVE_UNISTD_H 1
| /* end confdefs.h.  */
| #include <stdio.h>
| #ifdef HAVE_SYS_TYPES_H
| # include <sys/types.h>
| #endif
| #ifdef HAVE_SYS_STAT_H
| # include <sys/stat.h>
| #endif
| #ifdef STDC_HEADERS
| # include <stdlib.h>
| # include <stddef.h>
| #else
| # ifdef HAVE_STDLIB_H
| #  include <stdlib.h>
| # endif
| #endif
| #ifdef HAVE_STRING_H
| # if !defined STDC_HEADERS && defined HAVE_MEMORY_H
| #  include <memory.h>
| # endif
| # include <string.h>
| #endif
| #ifdef HAVE_STRINGS_H
| # include <strings.h>
| #endif
| #ifdef HAVE_INTTYPES_H
| # include <inttypes.h>
| #endif
| #ifdef HAVE_STDINT_H
| # include <stdint.h>
| #endif
| #ifdef HAVE_UNISTD_H
| # include <unistd.h>
| #endif
| #include <minix/config.h>
configure:10202: result: no
configure:10202: checking minix/config.h presence
configure:10202: /usr/bin/gcc -E -D_REENTRANT -D_GNU_SOURCE conftest.c
conftest.c:19:26: fatal error: minix/config.h: No such file or directory
compilation terminated.
configure:10202: $? = 1
configure: failed program was:
| /* confdefs.h */
| #define PACKAGE_NAME ""
| #define PACKAGE_TARNAME ""
| #define PACKAGE_VERSION ""
| #define PACKAGE_STRING ""
| #define PACKAGE_BUGREPORT ""
| #define PACKAGE_URL ""
| #define STDC_HEADERS 1
| #define HAVE_SYS_TYPES_H 1
| #define HAVE_SYS_STAT_H 1
| #define HAVE_STDLIB_H 1
| #define HAVE_STRING_H 1
| #define HAVE_MEMORY_H 1
| #define HAVE_STRINGS_H 1
| #define HAVE_INTTYPES_H 1
| #define HAVE_STDINT_H 1
| #define HAVE_UNISTD_H 1
| /* end confdefs.h.  */
| #include <minix/config.h>
configure:10202: result: no
configure:10202: checking for minix/config.h
configure:10202: result: no
configure:10223: checking whether it is safe to define __EXTENSIONS__
configure:10241: /usr/bin/gcc -c -g3 -gdwarf-2 -D_REENTRANT -D_GNU_SOURCE conftest.c >&5
configure:10241: $? = 0
configure:10248: result: yes
configure:10264: checking for library containing strerror
configure:10295: /usr/bin/gcc -o conftest -g3 -gdwarf-2 -D_REENTRANT -D_GNU_SOURCE  conftest.c  >&5
configure:10295: $? = 0
configure:10312: result: none required
configure:10321: checking whether system uses EBCDIC
configure:10340: /usr/bin/gcc -o conftest -g3 -gdwarf-2 -D_REENTRANT -D_GNU_SOURCE  conftest.c  >&5
configure:10340: $? = 0
configure:10340: ./conftest
configure:10340: $? = 1
configure: program exited with status 1
configure: failed program was:
| /* confdefs.h */
| #define PACKAGE_NAME ""
| #define PACKAGE_TARNAME ""
| #define PACKAGE_VERSION ""
| #define PACKAGE_STRING ""
| #define PACKAGE_BUGREPORT ""
| #define PACKAGE_URL ""
| #define STDC_HEADERS 1
| #define HAVE_SYS_TYPES_H 1
| #define HAVE_SYS_STAT_H 1
| #define HAVE_STDLIB_H 1
| #define HAVE_STRING_H 1
| #define HAVE_MEMORY_H 1
| #define HAVE_STRINGS_H 1
| #define HAVE_INTTYPES_H 1
| #define HAVE_STDINT_H 1
| #define HAVE_UNISTD_H 1
| #define __EXTENSIONS__ 1
| #define _ALL_SOURCE 1
| #define _GNU_SOURCE 1
| #define _POSIX_PTHREAD_SEMANTICS 1
| #define _TANDEM_SOURCE 1
| /* end confdefs.h.  */
| 
| int main(void) {
|   return (unsigned char)'A' != (unsigned char)0xC1;
| }
| 
configure:10354: result: no
configure:10752: checking how to print strings
configure:10779: result: printf
configure:10800: checking for a sed that does not truncate output
configure:10864: result: /usr/bin/sed
configure:10882: checking for fgrep
configure:10944: result: /usr/bin/grep -F
configure:10979: checking for ld used by /usr/bin/gcc
configure:11046: result: /usr/bin/ld
configure:11053: checking if the linker (/usr/bin/ld) is GNU ld
configure:11068: result: yes
configure:11080: checking for BSD- or MS-compatible name lister (nm)
configure:11129: result: /usr/bin/nm -B
configure:11259: checking the name lister (/usr/bin/nm -B) interface
configure:11266: /usr/bin/gcc -c -g3 -gdwarf-2 -D_REENTRANT -D_GNU_SOURCE conftest.c >&5
configure:11269: /usr/bin/nm -B "conftest.o"
configure:11272: output
0000000000000000 B some_variable
0000000000000000 n wm4.1.4335a02cc74532693c5f312468e37b44
configure:11279: result: BSD nm
configure:11283: checking the maximum length of command line arguments
configure:11413: result: 1572864
configure:11430: checking whether the shell understands some XSI constructs
configure:11440: result: yes
configure:11444: checking whether the shell understands "+="
configure:11450: result: yes
configure:11485: checking how to convert x86_64-unknown-linux-gnu file names to x86_64-unknown-linux-gnu format
configure:11525: result: func_convert_file_noop
configure:11532: checking how to convert x86_64-unknown-linux-gnu file names to toolchain format
configure:11552: result: func_convert_file_noop
configure:11559: checking for /usr/bin/ld option to reload object files
configure:11566: result: -r
configure:11640: checking for objdump
configure:11667: result: objdump
configure:11696: checking how to recognize dependent libraries
configure:11898: result: pass_all
configure:11983: checking for dlltool
configure:12010: result: dlltool
configure:12040: checking how to associate runtime and link libraries
configure:12067: result: printf %s\n
configure:12191: checking for archiver @FILE support
configure:12208: /usr/bin/gcc -c -g3 -gdwarf-2 -D_REENTRANT -D_GNU_SOURCE conftest.c >&5
configure:12208: $? = 0
configure:12211: ar cru libconftest.a @conftest.lst >&5
configure:12214: $? = 0
configure:12219: ar cru libconftest.a @conftest.lst >&5
ar: conftest.o: No such file or directory
configure:12222: $? = 1
configure:12234: result: @
configure:12292: checking for strip
configure:12308: found /usr/bin/strip
configure:12319: result: strip
configure:12391: checking for ranlib
configure:12418: result: ranlib
configure:12520: checking command to parse /usr/bin/nm -B output from /usr/bin/gcc object
configure:12640: /usr/bin/gcc -c -g3 -gdwarf-2 -D_REENTRANT -D_GNU_SOURCE conftest.c >&5
configure:12643: $? = 0
configure:12647: /usr/bin/nm -B conftest.o \| sed -n -e 's/^.*[ ]\([ABCDGIRSTW][ABCDGIRSTW]*\)[ ][ ]*\([_A-Za-z][_A-Za-z0-9]*\)$/\1 \2 \2/p' | sed '/ __gnu_lto/d' \> conftest.nm
configure:12650: $? = 0
configure:12716: /usr/bin/gcc -o conftest -g3 -gdwarf-2 -D_REENTRANT -D_GNU_SOURCE  conftest.c conftstm.o >&5
configure:12719: $? = 0
configure:12757: result: ok
configure:12794: checking for sysroot
configure:12824: result: no
configure:12901: /usr/bin/gcc -c -g3 -gdwarf-2 -D_REENTRANT -D_GNU_SOURCE conftest.c >&5
configure:12904: $? = 0
configure:13080: checking for mt
configure:13110: result: no
configure:13130: checking if : is a manifest tool
configure:13136: : '-?'
configure:13144: result: no
configure:13783: checking for dlfcn.h
configure:13783: /usr/bin/gcc -c -g3 -gdwarf-2 -D_REENTRANT -D_GNU_SOURCE conftest.c >&5
configure:13783: $? = 0
configure:13783: result: yes
configure:13987: checking for objdir
configure:14002: result: .libs
configure:14273: checking if /usr/bin/gcc supports -fno-rtti -fno-exceptions
configure:14291: /usr/bin/gcc -c -g3 -gdwarf-2 -D_REENTRANT -D_GNU_SOURCE -fno-rtti -fno-exceptions conftest.c >&5
cc1: warning: command line option '-fno-rtti' is valid for C++/ObjC++ but not for C [enabled by default]
configure:14295: $? = 0
configure:14308: result: no
configure:14635: checking for /usr/bin/gcc option to produce PIC
configure:14642: result: -fPIC -DPIC
configure:14650: checking if /usr/bin/gcc PIC flag -fPIC -DPIC works
configure:14668: /usr/bin/gcc -c -g3 -gdwarf-2 -D_REENTRANT -D_GNU_SOURCE -fPIC -DPIC -DPIC conftest.c >&5
configure:14672: $? = 0
configure:14685: result: yes
configure:14714: checking if /usr/bin/gcc static flag -static works
configure:14742: result: no
configure:14757: checking if /usr/bin/gcc supports -c -o file.o
configure:14778: /usr/bin/gcc -c -g3 -gdwarf-2 -D_REENTRANT -D_GNU_SOURCE -o out/conftest2.o conftest.c >&5
configure:14782: $? = 0
configure:14804: result: yes
configure:14812: checking if /usr/bin/gcc supports -c -o file.o
configure:14859: result: yes
configure:14892: checking whether the /usr/bin/gcc linker (/usr/bin/ld -m elf_x86_64) supports shared libraries
configure:16045: result: yes
configure:16082: checking whether -lc should be explicitly linked in
configure:16090: /usr/bin/gcc -c -g3 -gdwarf-2 -D_REENTRANT -D_GNU_SOURCE conftest.c >&5
configure:16093: $? = 0
configure:16108: /usr/bin/gcc -shared  -fPIC -DPIC conftest.o  -v -Wl,-soname -Wl,conftest -o conftest 2\>\&1 \| /usr/bin/grep  -lc  \>/dev/null 2\>\&1
configure:16111: $? = 0
configure:16125: result: no
configure:16285: checking dynamic linker characteristics
configure:16796: /usr/bin/gcc -o conftest -g3 -gdwarf-2 -D_REENTRANT -D_GNU_SOURCE  -Wl,-rpath -Wl,/foo conftest.c  >&5
configure:16796: $? = 0
configure:17018: result: GNU/Linux ld.so
configure:17125: checking how to hardcode library paths into programs
configure:17150: result: immediate
configure:17690: checking whether stripping libraries is possible
configure:17695: result: yes
configure:17730: checking if libtool supports shared libraries
configure:17732: result: yes
configure:17735: checking whether to build shared libraries
configure:17756: result: yes
configure:17759: checking whether to build static libraries
configure:17763: result: yes
configure:18353: checking whether the compiler provides atomic builtins
configure:18400: /usr/bin/gcc -o conftest -g3 -gdwarf-2 -D_REENTRANT -D_GNU_SOURCE  conftest.c  >&5
configure:18400: $? = 0
configure:18400: ./conftest
configure:18400: $? = 0
configure:18410: result: yes
configure:18704: checking whether to enable -D_LARGEFILE64_SOURCE
configure:18752: /usr/bin/gcc -o conftest -g3 -gdwarf-2 -D_REENTRANT -D_GNU_SOURCE -D_LARGEFILE64_SOURCE  conftest.c  >&5
configure:18752: $? = 0
configure:18752: ./conftest
configure:18752: $? = 1
configure: program exited with status 1
configure: failed program was:
| /* confdefs.h */
| #define PACKAGE_NAME ""
| #define PACKAGE_TARNAME ""
| #define PACKAGE_VERSION ""
| #define PACKAGE_STRING ""
| #define PACKAGE_BUGREPORT ""
| #define PACKAGE_URL ""
| #define STDC_HEADERS 1
| #define HAVE_SYS_TYPES_H 1
| #define HAVE_SYS_STAT_H 1
| #define HAVE_STDLIB_H 1
| #define HAVE_STRING_H 1
| #define HAVE_MEMORY_H 1
| #define HAVE_STRINGS_H 1
| #define HAVE_INTTYPES_H 1
| #define HAVE_STDINT_H 1
| #define HAVE_UNISTD_H 1
| #define __EXTENSIONS__ 1
| #define _ALL_SOURCE 1
| #define _GNU_SOURCE 1
| #define _POSIX_PTHREAD_SEMANTICS 1
| #define _TANDEM_SOURCE 1
| #define HAVE_DLFCN_H 1
| #define LT_OBJDIR ".libs/"
| #define HAVE_ATOMIC_BUILTINS 1
| /* end confdefs.h.  */
| 
| #include <sys/types.h>
| #include <sys/stat.h>
| #include <fcntl.h>
| #include <stdlib.h>
| #include <stdio.h>
| #include <unistd.h>
| 
| void main(void)
| {
|     int fd, ret = 0;
|     struct stat64 st;
|     off64_t off = 4242;
| 
|     if (sizeof(off64_t) != 8 || sizeof(off_t) != 4)
|        exit(1);
|     if ((fd = open("conftest.lfs", O_LARGEFILE|O_CREAT|O_WRONLY, 0644)) < 0)
|        exit(2);
|     if (ftruncate64(fd, off) != 0)
|        ret = 3;
|     else if (fstat64(fd, &st) != 0 || st.st_size != off)
|        ret = 4;
|     else if (lseek64(fd, off, SEEK_SET) != off)
|        ret = 5;
|     else if (close(fd) != 0)
|        ret = 6;
|     else if (lstat64("conftest.lfs", &st) != 0 || st.st_size != off)
|        ret = 7;
|     else if (stat64("conftest.lfs", &st) != 0 || st.st_size != off)
|        ret = 8;
|     unlink("conftest.lfs");
| 
|     exit(ret);
| }
configure:18763: result: no
configure:18866: checking for library containing gethostbyname
configure:18897: /usr/bin/gcc -o conftest -g3 -gdwarf-2 -D_REENTRANT -D_GNU_SOURCE  conftest.c  >&5
configure:18897: $? = 0
configure:18914: result: none required
configure:18922: checking for library containing gethostname
configure:18953: /usr/bin/gcc -o conftest -g3 -gdwarf-2 -D_REENTRANT -D_GNU_SOURCE  conftest.c  >&5
configure:18953: $? = 0
configure:18970: result: none required
configure:18978: checking for library containing socket
configure:19009: /usr/bin/gcc -o conftest -g3 -gdwarf-2 -D_REENTRANT -D_GNU_SOURCE  conftest.c  >&5
configure:19009: $? = 0
configure:19026: result: none required
configure:19034: checking for library containing crypt
configure:19065: /usr/bin/gcc -o conftest -g3 -gdwarf-2 -D_REENTRANT -D_GNU_SOURCE  conftest.c  >&5
/tmp/cc3zmyTz.o: In function `main':
/spare/Telstra/httpd2.4.4/httpd-2.4.4/srclib/apr/conftest.c:38: undefined reference to `crypt'
collect2: error: ld returned 1 exit status
configure:19065: $? = 1
configure: failed program was:
| /* confdefs.h */
| #define PACKAGE_NAME ""
| #define PACKAGE_TARNAME ""
| #define PACKAGE_VERSION ""
| #define PACKAGE_STRING ""
| #define PACKAGE_BUGREPORT ""
| #define PACKAGE_URL ""
| #define STDC_HEADERS 1
| #define HAVE_SYS_TYPES_H 1
| #define HAVE_SYS_STAT_H 1
| #define HAVE_STDLIB_H 1
| #define HAVE_STRING_H 1
| #define HAVE_MEMORY_H 1
| #define HAVE_STRINGS_H 1
| #define HAVE_INTTYPES_H 1
| #define HAVE_STDINT_H 1
| #define HAVE_UNISTD_H 1
| #define __EXTENSIONS__ 1
| #define _ALL_SOURCE 1
| #define _GNU_SOURCE 1
| #define _POSIX_PTHREAD_SEMANTICS 1
| #define _TANDEM_SOURCE 1
| #define HAVE_DLFCN_H 1
| #define LT_OBJDIR ".libs/"
| #define HAVE_ATOMIC_BUILTINS 1
| /* end confdefs.h.  */
| 
| /* Override any GCC internal prototype to avoid an error.
|    Use char because int might match the return type of a GCC
|    builtin and then its argument prototype would still apply.  */
| #ifdef __cplusplus
| extern "C"
| #endif
| char crypt ();
| int
| main ()
| {
| return crypt ();
|   ;
|   return 0;
| }
configure:19065: /usr/bin/gcc -o conftest -g3 -gdwarf-2 -D_REENTRANT -D_GNU_SOURCE  conftest.c -lcrypt   >&5
configure:19065: $? = 0
configure:19082: result: -lcrypt
configure:19090: checking for main in -ltruerand
configure:19109: /usr/bin/gcc -o conftest -g3 -gdwarf-2 -D_REENTRANT -D_GNU_SOURCE  conftest.c -ltruerand  -lcrypt  >&5
/usr/bin/ld: cannot find -ltruerand
collect2: error: ld returned 1 exit status
configure:19109: $? = 1
configure: failed program was:
| /* confdefs.h */
| #define PACKAGE_NAME ""
| #define PACKAGE_TARNAME ""
| #define PACKAGE_VERSION ""
| #define PACKAGE_STRING ""
| #define PACKAGE_BUGREPORT ""
| #define PACKAGE_URL ""
| #define STDC_HEADERS 1
| #define HAVE_SYS_TYPES_H 1
| #define HAVE_SYS_STAT_H 1
| #define HAVE_STDLIB_H 1
| #define HAVE_STRING_H 1
| #define HAVE_MEMORY_H 1
| #define HAVE_STRINGS_H 1
| #define HAVE_INTTYPES_H 1
| #define HAVE_STDINT_H 1
| #define HAVE_UNISTD_H 1
| #define __EXTENSIONS__ 1
| #define _ALL_SOURCE 1
| #define _GNU_SOURCE 1
| #define _POSIX_PTHREAD_SEMANTICS 1
| #define _TANDEM_SOURCE 1
| #define HAVE_DLFCN_H 1
| #define LT_OBJDIR ".libs/"
| #define HAVE_ATOMIC_BUILTINS 1
| /* end confdefs.h.  */
| 
| 
| int
| main ()
| {
| return main ();
|   ;
|   return 0;
| }
configure:19118: result: no
configure:19129: checking for library containing modf
configure:19160: /usr/bin/gcc -o conftest -g3 -gdwarf-2 -D_REENTRANT -D_GNU_SOURCE  conftest.c -lcrypt  >&5
conftest.c:34:6: warning: conflicting types for built-in function 'modf' [enabled by default]
configure:19160: $? = 0
configure:19177: result: none required
configure:19201: checking pthread.h usability
configure:19201: /usr/bin/gcc -c -g3 -gdwarf-2 -D_REENTRANT -D_GNU_SOURCE -w conftest.c >&5
configure:19201: $? = 0
configure:19201: result: yes
configure:19201: checking pthread.h presence
configure:19201: /usr/bin/gcc -E -D_REENTRANT -D_GNU_SOURCE -w conftest.c
configure:19201: $? = 0
configure:19201: result: yes
configure:19201: checking for pthread.h
configure:19201: result: yes
configure:19249: checking for CFLAGS needed for pthreads
configure:19281: /usr/bin/gcc -o conftest -g3 -gdwarf-2 -D_REENTRANT -D_GNU_SOURCE  conftest.c -lcrypt  >&5
/tmp/cc1grwWS.o: In function `main':
/spare/Telstra/httpd2.4.4/httpd-2.4.4/srclib/apr/conftest.c:41: undefined reference to `pthread_mutexattr_init'
/spare/Telstra/httpd2.4.4/httpd-2.4.4/srclib/apr/conftest.c:42: undefined reference to `pthread_create'
collect2: error: ld returned 1 exit status
configure:19281: $? = 1
configure: program exited with status 1
configure: failed program was:
| /* confdefs.h */
| #define PACKAGE_NAME ""
| #define PACKAGE_TARNAME ""
| #define PACKAGE_VERSION ""
| #define PACKAGE_STRING ""
| #define PACKAGE_BUGREPORT ""
| #define PACKAGE_URL ""
| #define STDC_HEADERS 1
| #define HAVE_SYS_TYPES_H 1
| #define HAVE_SYS_STAT_H 1
| #define HAVE_STDLIB_H 1
| #define HAVE_STRING_H 1
| #define HAVE_MEMORY_H 1
| #define HAVE_STRINGS_H 1
| #define HAVE_INTTYPES_H 1
| #define HAVE_STDINT_H 1
| #define HAVE_UNISTD_H 1
| #define __EXTENSIONS__ 1
| #define _ALL_SOURCE 1
| #define _GNU_SOURCE 1
| #define _POSIX_PTHREAD_SEMANTICS 1
| #define _TANDEM_SOURCE 1
| #define HAVE_DLFCN_H 1
| #define LT_OBJDIR ".libs/"
| #define HAVE_ATOMIC_BUILTINS 1
| #define HAVE_PTHREAD_H 1
| /* end confdefs.h.  */
| 
| #include <pthread.h>
| #include <stddef.h>
| 
| void *thread_routine(void *data) {
|     return data;
| }
| 
| int main() {
|     pthread_t thd;
|     pthread_mutexattr_t mattr;
|     pthread_once_t once_init = PTHREAD_ONCE_INIT;
|     int data = 1;
|     pthread_mutexattr_init(&mattr);
|     return pthread_create(&thd, NULL, thread_routine, &data);
| }
configure:19281: /usr/bin/gcc -o conftest -g3 -gdwarf-2 -kthread -D_REENTRANT -D_GNU_SOURCE  conftest.c -lcrypt  >&5
gcc: error: unrecognized command line option '-kthread'
configure:19281: $? = 1
configure: program exited with status 1
configure: failed program was:
| /* confdefs.h */
| #define PACKAGE_NAME ""
| #define PACKAGE_TARNAME ""
| #define PACKAGE_VERSION ""
| #define PACKAGE_STRING ""
| #define PACKAGE_BUGREPORT ""
| #define PACKAGE_URL ""
| #define STDC_HEADERS 1
| #define HAVE_SYS_TYPES_H 1
| #define HAVE_SYS_STAT_H 1
| #define HAVE_STDLIB_H 1
| #define HAVE_STRING_H 1
| #define HAVE_MEMORY_H 1
| #define HAVE_STRINGS_H 1
| #define HAVE_INTTYPES_H 1
| #define HAVE_STDINT_H 1
| #define HAVE_UNISTD_H 1
| #define __EXTENSIONS__ 1
| #define _ALL_SOURCE 1
| #define _GNU_SOURCE 1
| #define _POSIX_PTHREAD_SEMANTICS 1
| #define _TANDEM_SOURCE 1
| #define HAVE_DLFCN_H 1
| #define LT_OBJDIR ".libs/"
| #define HAVE_ATOMIC_BUILTINS 1
| #define HAVE_PTHREAD_H 1
| /* end confdefs.h.  */
| 
| #include <pthread.h>
| #include <stddef.h>
| 
| void *thread_routine(void *data) {
|     return data;
| }
| 
| int main() {
|     pthread_t thd;
|     pthread_mutexattr_t mattr;
|     pthread_once_t once_init = PTHREAD_ONCE_INIT;
|     int data = 1;
|     pthread_mutexattr_init(&mattr);
|     return pthread_create(&thd, NULL, thread_routine, &data);
| }
configure:19281: /usr/bin/gcc -o conftest -g3 -gdwarf-2 -pthread -D_REENTRANT -D_GNU_SOURCE  conftest.c -lcrypt  >&5
configure:19281: $? = 0
configure:19281: ./conftest
configure:19281: $? = 0
configure:19303: result: -pthread
configure:19339: checking for LIBS needed for pthreads
configure:19371: /usr/bin/gcc -o conftest -g3 -gdwarf-2 -pthread -D_REENTRANT -D_GNU_SOURCE  conftest.c -lcrypt  -lpthread >&5
configure:19371: $? = 0
configure:19371: ./conftest
configure:19371: $? = 0
configure:19393: result: -lpthread
configure:19433: checking for pthread.h
configure:19433: result: yes
configure:19734: checking whether pthread_getspecific takes two arguments
configure:19757: /usr/bin/gcc -c -g3 -gdwarf-2 -pthread -D_REENTRANT -D_GNU_SOURCE conftest.c >&5
conftest.c: In function 'main':
conftest.c:38:1: error: too many arguments to function 'pthread_getspecific'
In file included from conftest.c:30:0:
/usr/include/pthread.h:1110:14: note: declared here
configure:19757: $? = 1
configure: failed program was:
| /* confdefs.h */
| #define PACKAGE_NAME ""
| #define PACKAGE_TARNAME ""
| #define PACKAGE_VERSION ""
| #define PACKAGE_STRING ""
| #define PACKAGE_BUGREPORT ""
| #define PACKAGE_URL ""
| #define STDC_HEADERS 1
| #define HAVE_SYS_TYPES_H 1
| #define HAVE_SYS_STAT_H 1
| #define HAVE_STDLIB_H 1
| #define HAVE_STRING_H 1
| #define HAVE_MEMORY_H 1
| #define HAVE_STRINGS_H 1
| #define HAVE_INTTYPES_H 1
| #define HAVE_STDINT_H 1
| #define HAVE_UNISTD_H 1
| #define __EXTENSIONS__ 1
| #define _ALL_SOURCE 1
| #define _GNU_SOURCE 1
| #define _POSIX_PTHREAD_SEMANTICS 1
| #define _TANDEM_SOURCE 1
| #define HAVE_DLFCN_H 1
| #define LT_OBJDIR ".libs/"
| #define HAVE_ATOMIC_BUILTINS 1
| #define HAVE_PTHREAD_H 1
| #define HAVE_PTHREAD_H 1
| /* end confdefs.h.  */
| 
| #include <pthread.h>
| 
| int
| main ()
| {
| 
| pthread_key_t key;
| void *tmp;
| pthread_getspecific(key,&tmp);
| 
|   ;
|   return 0;
| }
configure:19769: result: no
configure:19779: checking whether pthread_attr_getdetachstate takes one argument
configure:19801: /usr/bin/gcc -c -g3 -gdwarf-2 -pthread -D_REENTRANT -D_GNU_SOURCE conftest.c >&5
conftest.c: In function 'main':
conftest.c:37:1: error: too few arguments to function 'pthread_attr_getdetachstate'
In file included from conftest.c:30:0:
/usr/include/pthread.h:293:12: note: declared here
configure:19801: $? = 1
configure: failed program was:
| /* confdefs.h */
| #define PACKAGE_NAME ""
| #define PACKAGE_TARNAME ""
| #define PACKAGE_VERSION ""
| #define PACKAGE_STRING ""
| #define PACKAGE_BUGREPORT ""
| #define PACKAGE_URL ""
| #define STDC_HEADERS 1
| #define HAVE_SYS_TYPES_H 1
| #define HAVE_SYS_STAT_H 1
| #define HAVE_STDLIB_H 1
| #define HAVE_STRING_H 1
| #define HAVE_MEMORY_H 1
| #define HAVE_STRINGS_H 1
| #define HAVE_INTTYPES_H 1
| #define HAVE_STDINT_H 1
| #define HAVE_UNISTD_H 1
| #define __EXTENSIONS__ 1
| #define _ALL_SOURCE 1
| #define _GNU_SOURCE 1
| #define _POSIX_PTHREAD_SEMANTICS 1
| #define _TANDEM_SOURCE 1
| #define HAVE_DLFCN_H 1
| #define LT_OBJDIR ".libs/"
| #define HAVE_ATOMIC_BUILTINS 1
| #define HAVE_PTHREAD_H 1
| #define HAVE_PTHREAD_H 1
| /* end confdefs.h.  */
| 
| #include <pthread.h>
| 
| int
| main ()
| {
| 
| pthread_attr_t *attr;
| pthread_attr_getdetachstate(attr);
| 
|   ;
|   return 0;
| }
configure:19813: result: no
configure:19823: checking for recursive mutex support
configure:19846: /usr/bin/gcc -o conftest -g3 -gdwarf-2 -pthread -D_REENTRANT -D_GNU_SOURCE  conftest.c -lcrypt  -lpthread >&5
configure:19846: $? = 0
configure:19846: ./conftest
configure:19846: $? = 0
configure:19856: result: yes
configure:19869: checking for pthread_key_delete
configure:19869: /usr/bin/gcc -o conftest -g3 -gdwarf-2 -pthread -D_REENTRANT -D_GNU_SOURCE  conftest.c -lcrypt  -lpthread >&5
configure:19869: $? = 0
configure:19869: result: yes
configure:19869: checking for pthread_rwlock_init
configure:19869: /usr/bin/gcc -o conftest -g3 -gdwarf-2 -pthread -D_REENTRANT -D_GNU_SOURCE  conftest.c -lcrypt  -lpthread >&5
configure:19869: $? = 0
configure:19869: result: yes
configure:19869: checking for pthread_attr_setguardsize
configure:19869: /usr/bin/gcc -o conftest -g3 -gdwarf-2 -pthread -D_REENTRANT -D_GNU_SOURCE  conftest.c -lcrypt  -lpthread >&5
configure:19869: $? = 0
configure:19869: result: yes
configure:19869: checking for pthread_yield
configure:19869: /usr/bin/gcc -o conftest -g3 -gdwarf-2 -pthread -D_REENTRANT -D_GNU_SOURCE  conftest.c -lcrypt  -lpthread >&5
configure:19869: $? = 0
configure:19869: result: yes
configure:19880: checking for pthread_rwlock_t
configure:19897: /usr/bin/gcc -c -g3 -gdwarf-2 -pthread -D_REENTRANT -D_GNU_SOURCE conftest.c >&5
configure:19897: $? = 0
configure:19904: result: yes
configure:19947: checking for readdir in -lc_r
configure:19972: /usr/bin/gcc -o conftest -g3 -gdwarf-2 -pthread -D_REENTRANT -D_GNU_SOURCE  conftest.c -lc_r  -lcrypt  -lpthread >&5
/usr/bin/ld: cannot find -lc_r
collect2: error: ld returned 1 exit status
configure:19972: $? = 1
configure: failed program was:
| /* confdefs.h */
| #define PACKAGE_NAME ""
| #define PACKAGE_TARNAME ""
| #define PACKAGE_VERSION ""
| #define PACKAGE_STRING ""
| #define PACKAGE_BUGREPORT ""
| #define PACKAGE_URL ""
| #define STDC_HEADERS 1
| #define HAVE_SYS_TYPES_H 1
| #define HAVE_SYS_STAT_H 1
| #define HAVE_STDLIB_H 1
| #define HAVE_STRING_H 1
| #define HAVE_MEMORY_H 1
| #define HAVE_STRINGS_H 1
| #define HAVE_INTTYPES_H 1
| #define HAVE_STDINT_H 1
| #define HAVE_UNISTD_H 1
| #define __EXTENSIONS__ 1
| #define _ALL_SOURCE 1
| #define _GNU_SOURCE 1
| #define _POSIX_PTHREAD_SEMANTICS 1
| #define _TANDEM_SOURCE 1
| #define HAVE_DLFCN_H 1
| #define LT_OBJDIR ".libs/"
| #define HAVE_ATOMIC_BUILTINS 1
| #define HAVE_PTHREAD_H 1
| #define HAVE_PTHREAD_H 1
| #define HAVE_PTHREAD_MUTEX_RECURSIVE 1
| #define HAVE_PTHREAD_KEY_DELETE 1
| #define HAVE_PTHREAD_RWLOCK_INIT 1
| #define HAVE_PTHREAD_ATTR_SETGUARDSIZE 1
| #define HAVE_PTHREAD_YIELD 1
| #define HAVE_PTHREAD_RWLOCKS 1
| /* end confdefs.h.  */
| 
| /* Override any GCC internal prototype to avoid an error.
|    Use char because int might match the return type of a GCC
|    builtin and then its argument prototype would still apply.  */
| #ifdef __cplusplus
| extern "C"
| #endif
| char readdir ();
| int
| main ()
| {
| return readdir ();
|   ;
|   return 0;
| }
configure:19981: result: no
configure:19990: checking for gethostbyname in -lc_r
configure:20015: /usr/bin/gcc -o conftest -g3 -gdwarf-2 -pthread -D_REENTRANT -D_GNU_SOURCE  conftest.c -lc_r  -lcrypt  -lpthread >&5
/usr/bin/ld: cannot find -lc_r
collect2: error: ld returned 1 exit status
configure:20015: $? = 1
configure: failed program was:
| /* confdefs.h */
| #define PACKAGE_NAME ""
| #define PACKAGE_TARNAME ""
| #define PACKAGE_VERSION ""
| #define PACKAGE_STRING ""
| #define PACKAGE_BUGREPORT ""
| #define PACKAGE_URL ""
| #define STDC_HEADERS 1
| #define HAVE_SYS_TYPES_H 1
| #define HAVE_SYS_STAT_H 1
| #define HAVE_STDLIB_H 1
| #define HAVE_STRING_H 1
| #define HAVE_MEMORY_H 1
| #define HAVE_STRINGS_H 1
| #define HAVE_INTTYPES_H 1
| #define HAVE_STDINT_H 1
| #define HAVE_UNISTD_H 1
| #define __EXTENSIONS__ 1
| #define _ALL_SOURCE 1
| #define _GNU_SOURCE 1
| #define _POSIX_PTHREAD_SEMANTICS 1
| #define _TANDEM_SOURCE 1
| #define HAVE_DLFCN_H 1
| #define LT_OBJDIR ".libs/"
| #define HAVE_ATOMIC_BUILTINS 1
| #define HAVE_PTHREAD_H 1
| #define HAVE_PTHREAD_H 1
| #define HAVE_PTHREAD_MUTEX_RECURSIVE 1
| #define HAVE_PTHREAD_KEY_DELETE 1
| #define HAVE_PTHREAD_RWLOCK_INIT 1
| #define HAVE_PTHREAD_ATTR_SETGUARDSIZE 1
| #define HAVE_PTHREAD_YIELD 1
| #define HAVE_PTHREAD_RWLOCKS 1
| /* end confdefs.h.  */
| 
| /* Override any GCC internal prototype to avoid an error.
|    Use char because int might match the return type of a GCC
|    builtin and then its argument prototype would still apply.  */
| #ifdef __cplusplus
| extern "C"
| #endif
| char gethostbyname ();
| int
| main ()
| {
| return gethostbyname ();
|   ;
|   return 0;
| }
configure:20024: result: no
configure:20037: checking for gethostbyaddr in -lc_r
configure:20062: /usr/bin/gcc -o conftest -g3 -gdwarf-2 -pthread -D_REENTRANT -D_GNU_SOURCE  conftest.c -lc_r  -lcrypt  -lpthread >&5
/usr/bin/ld: cannot find -lc_r
collect2: error: ld returned 1 exit status
configure:20062: $? = 1
configure: failed program was:
| /* confdefs.h */
| #define PACKAGE_NAME ""
| #define PACKAGE_TARNAME ""
| #define PACKAGE_VERSION ""
| #define PACKAGE_STRING ""
| #define PACKAGE_BUGREPORT ""
| #define PACKAGE_URL ""
| #define STDC_HEADERS 1
| #define HAVE_SYS_TYPES_H 1
| #define HAVE_SYS_STAT_H 1
| #define HAVE_STDLIB_H 1
| #define HAVE_STRING_H 1
| #define HAVE_MEMORY_H 1
| #define HAVE_STRINGS_H 1
| #define HAVE_INTTYPES_H 1
| #define HAVE_STDINT_H 1
| #define HAVE_UNISTD_H 1
| #define __EXTENSIONS__ 1
| #define _ALL_SOURCE 1
| #define _GNU_SOURCE 1
| #define _POSIX_PTHREAD_SEMANTICS 1
| #define _TANDEM_SOURCE 1
| #define HAVE_DLFCN_H 1
| #define LT_OBJDIR ".libs/"
| #define HAVE_ATOMIC_BUILTINS 1
| #define HAVE_PTHREAD_H 1
| #define HAVE_PTHREAD_H 1
| #define HAVE_PTHREAD_MUTEX_RECURSIVE 1
| #define HAVE_PTHREAD_KEY_DELETE 1
| #define HAVE_PTHREAD_RWLOCK_INIT 1
| #define HAVE_PTHREAD_ATTR_SETGUARDSIZE 1
| #define HAVE_PTHREAD_YIELD 1
| #define HAVE_PTHREAD_RWLOCKS 1
| /* end confdefs.h.  */
| 
| /* Override any GCC internal prototype to avoid an error.
|    Use char because int might match the return type of a GCC
|    builtin and then its argument prototype would still apply.  */
| #ifdef __cplusplus
| extern "C"
| #endif
| char gethostbyaddr ();
| int
| main ()
| {
| return gethostbyaddr ();
|   ;
|   return 0;
| }
configure:20071: result: no
configure:20084: checking for getservbyname in -lc_r
configure:20109: /usr/bin/gcc -o conftest -g3 -gdwarf-2 -pthread -D_REENTRANT -D_GNU_SOURCE  conftest.c -lc_r  -lcrypt  -lpthread >&5
/usr/bin/ld: cannot find -lc_r
collect2: error: ld returned 1 exit status
configure:20109: $? = 1
configure: failed program was:
| /* confdefs.h */
| #define PACKAGE_NAME ""
| #define PACKAGE_TARNAME ""
| #define PACKAGE_VERSION ""
| #define PACKAGE_STRING ""
| #define PACKAGE_BUGREPORT ""
| #define PACKAGE_URL ""
| #define STDC_HEADERS 1
| #define HAVE_SYS_TYPES_H 1
| #define HAVE_SYS_STAT_H 1
| #define HAVE_STDLIB_H 1
| #define HAVE_STRING_H 1
| #define HAVE_MEMORY_H 1
| #define HAVE_STRINGS_H 1
| #define HAVE_INTTYPES_H 1
| #define HAVE_STDINT_H 1
| #define HAVE_UNISTD_H 1
| #define __EXTENSIONS__ 1
| #define _ALL_SOURCE 1
| #define _GNU_SOURCE 1
| #define _POSIX_PTHREAD_SEMANTICS 1
| #define _TANDEM_SOURCE 1
| #define HAVE_DLFCN_H 1
| #define LT_OBJDIR ".libs/"
| #define HAVE_ATOMIC_BUILTINS 1
| #define HAVE_PTHREAD_H 1
| #define HAVE_PTHREAD_H 1
| #define HAVE_PTHREAD_MUTEX_RECURSIVE 1
| #define HAVE_PTHREAD_KEY_DELETE 1
| #define HAVE_PTHREAD_RWLOCK_INIT 1
| #define HAVE_PTHREAD_ATTR_SETGUARDSIZE 1
| #define HAVE_PTHREAD_YIELD 1
| #define HAVE_PTHREAD_RWLOCKS 1
| /* end confdefs.h.  */
| 
| /* Override any GCC internal prototype to avoid an error.
|    Use char because int might match the return type of a GCC
|    builtin and then its argument prototype would still apply.  */
| #ifdef __cplusplus
| extern "C"
| #endif
| char getservbyname ();
| int
| main ()
| {
| return getservbyname ();
|   ;
|   return 0;
| }
configure:20118: result: no
configure:20133: checking for gethostbyname_r
configure:20133: /usr/bin/gcc -o conftest -g3 -gdwarf-2 -pthread -D_REENTRANT -D_GNU_SOURCE  conftest.c -lcrypt  -lpthread >&5
configure:20133: $? = 0
configure:20133: result: yes
configure:20133: checking for gethostbyaddr_r
configure:20133: /usr/bin/gcc -o conftest -g3 -gdwarf-2 -pthread -D_REENTRANT -D_GNU_SOURCE  conftest.c -lcrypt  -lpthread >&5
configure:20133: $? = 0
configure:20133: result: yes
configure:20133: checking for getservbyname_r
configure:20133: /usr/bin/gcc -o conftest -g3 -gdwarf-2 -pthread -D_REENTRANT -D_GNU_SOURCE  conftest.c -lcrypt  -lpthread >&5
configure:20133: $? = 0
configure:20133: result: yes
configure:20264: checking for sigsuspend
configure:20264: /usr/bin/gcc -o conftest -g3 -gdwarf-2 -pthread -D_REENTRANT -D_GNU_SOURCE  conftest.c -lcrypt  -lpthread >&5
configure:20264: $? = 0
configure:20264: result: yes
configure:20277: checking for sigwait
configure:20277: /usr/bin/gcc -o conftest -g3 -gdwarf-2 -pthread -D_REENTRANT -D_GNU_SOURCE  conftest.c -lcrypt  -lpthread >&5
configure:20277: $? = 0
configure:20277: result: yes
configure:20301: checking for poll
configure:20301: /usr/bin/gcc -o conftest -g3 -gdwarf-2 -pthread -D_REENTRANT -D_GNU_SOURCE  conftest.c -lcrypt  -lpthread >&5
configure:20301: $? = 0
configure:20301: result: yes
configure:20301: checking for kqueue
configure:20301: /usr/bin/gcc -o conftest -g3 -gdwarf-2 -pthread -D_REENTRANT -D_GNU_SOURCE  conftest.c -lcrypt  -lpthread >&5
/tmp/ccH5K45z.o: In function `main':
/spare/Telstra/httpd2.4.4/httpd-2.4.4/srclib/apr/conftest.c:75: undefined reference to `kqueue'
collect2: error: ld returned 1 exit status
configure:20301: $? = 1
configure: failed program was:
| /* confdefs.h */
| #define PACKAGE_NAME ""
| #define PACKAGE_TARNAME ""
| #define PACKAGE_VERSION ""
| #define PACKAGE_STRING ""
| #define PACKAGE_BUGREPORT ""
| #define PACKAGE_URL ""
| #define STDC_HEADERS 1
| #define HAVE_SYS_TYPES_H 1
| #define HAVE_SYS_STAT_H 1
| #define HAVE_STDLIB_H 1
| #define HAVE_STRING_H 1
| #define HAVE_MEMORY_H 1
| #define HAVE_STRINGS_H 1
| #define HAVE_INTTYPES_H 1
| #define HAVE_STDINT_H 1
| #define HAVE_UNISTD_H 1
| #define __EXTENSIONS__ 1
| #define _ALL_SOURCE 1
| #define _GNU_SOURCE 1
| #define _POSIX_PTHREAD_SEMANTICS 1
| #define _TANDEM_SOURCE 1
| #define HAVE_DLFCN_H 1
| #define LT_OBJDIR ".libs/"
| #define HAVE_ATOMIC_BUILTINS 1
| #define HAVE_PTHREAD_H 1
| #define HAVE_PTHREAD_H 1
| #define HAVE_PTHREAD_MUTEX_RECURSIVE 1
| #define HAVE_PTHREAD_KEY_DELETE 1
| #define HAVE_PTHREAD_RWLOCK_INIT 1
| #define HAVE_PTHREAD_ATTR_SETGUARDSIZE 1
| #define HAVE_PTHREAD_YIELD 1
| #define HAVE_PTHREAD_RWLOCKS 1
| #define HAVE_GETHOSTBYNAME_R 1
| #define HAVE_GETHOSTBYADDR_R 1
| #define HAVE_GETSERVBYNAME_R 1
| #define HAVE_SIGSUSPEND 1
| #define HAVE_SIGWAIT 1
| #define HAVE_POLL 1
| /* end confdefs.h.  */
| /* Define kqueue to an innocuous variant, in case <limits.h> declares kqueue.
|    For example, HP-UX 11i <limits.h> declares gettimeofday.  */
| #define kqueue innocuous_kqueue
| 
| /* System header to define __stub macros and hopefully few prototypes,
|     which can conflict with char kqueue (); below.
|     Prefer <limits.h> to <assert.h> if __STDC__ is defined, since
|     <limits.h> exists even on freestanding compilers.  */
| 
| #ifdef __STDC__
| # include <limits.h>
| #else
| # include <assert.h>
| #endif
| 
| #undef kqueue
| 
| /* Override any GCC internal prototype to avoid an error.
|    Use char because int might match the return type of a GCC
|    builtin and then its argument prototype would still apply.  */
| #ifdef __cplusplus
| extern "C"
| #endif
| char kqueue ();
| /* The GNU C library defines this for functions which it implements
|     to always fail with ENOSYS.  Some functions are actually named
|     something starting with __ and the normal name is an alias.  */
| #if defined __stub_kqueue || defined __stub___kqueue
| choke me
| #endif
| 
| int
| main ()
| {
| return kqueue ();
|   ;
|   return 0;
| }
configure:20301: result: no
configure:20301: checking for port_create
configure:20301: /usr/bin/gcc -o conftest -g3 -gdwarf-2 -pthread -D_REENTRANT -D_GNU_SOURCE  conftest.c -lcrypt  -lpthread >&5
/tmp/ccslsg8D.o: In function `main':
/spare/Telstra/httpd2.4.4/httpd-2.4.4/srclib/apr/conftest.c:75: undefined reference to `port_create'
collect2: error: ld returned 1 exit status
configure:20301: $? = 1
configure: failed program was:
| /* confdefs.h */
| #define PACKAGE_NAME ""
| #define PACKAGE_TARNAME ""
| #define PACKAGE_VERSION ""
| #define PACKAGE_STRING ""
| #define PACKAGE_BUGREPORT ""
| #define PACKAGE_URL ""
| #define STDC_HEADERS 1
| #define HAVE_SYS_TYPES_H 1
| #define HAVE_SYS_STAT_H 1
| #define HAVE_STDLIB_H 1
| #define HAVE_STRING_H 1
| #define HAVE_MEMORY_H 1
| #define HAVE_STRINGS_H 1
| #define HAVE_INTTYPES_H 1
| #define HAVE_STDINT_H 1
| #define HAVE_UNISTD_H 1
| #define __EXTENSIONS__ 1
| #define _ALL_SOURCE 1
| #define _GNU_SOURCE 1
| #define _POSIX_PTHREAD_SEMANTICS 1
| #define _TANDEM_SOURCE 1
| #define HAVE_DLFCN_H 1
| #define LT_OBJDIR ".libs/"
| #define HAVE_ATOMIC_BUILTINS 1
| #define HAVE_PTHREAD_H 1
| #define HAVE_PTHREAD_H 1
| #define HAVE_PTHREAD_MUTEX_RECURSIVE 1
| #define HAVE_PTHREAD_KEY_DELETE 1
| #define HAVE_PTHREAD_RWLOCK_INIT 1
| #define HAVE_PTHREAD_ATTR_SETGUARDSIZE 1
| #define HAVE_PTHREAD_YIELD 1
| #define HAVE_PTHREAD_RWLOCKS 1
| #define HAVE_GETHOSTBYNAME_R 1
| #define HAVE_GETHOSTBYADDR_R 1
| #define HAVE_GETSERVBYNAME_R 1
| #define HAVE_SIGSUSPEND 1
| #define HAVE_SIGWAIT 1
| #define HAVE_POLL 1
| /* end confdefs.h.  */
| /* Define port_create to an innocuous variant, in case <limits.h> declares port_create.
|    For example, HP-UX 11i <limits.h> declares gettimeofday.  */
| #define port_create innocuous_port_create
| 
| /* System header to define __stub macros and hopefully few prototypes,
|     which can conflict with char port_create (); below.
|     Prefer <limits.h> to <assert.h> if __STDC__ is defined, since
|     <limits.h> exists even on freestanding compilers.  */
| 
| #ifdef __STDC__
| # include <limits.h>
| #else
| # include <assert.h>
| #endif
| 
| #undef port_create
| 
| /* Override any GCC internal prototype to avoid an error.
|    Use char because int might match the return type of a GCC
|    builtin and then its argument prototype would still apply.  */
| #ifdef __cplusplus
| extern "C"
| #endif
| char port_create ();
| /* The GNU C library defines this for functions which it implements
|     to always fail with ENOSYS.  Some functions are actually named
|     something starting with __ and the normal name is an alias.  */
| #if defined __stub_port_create || defined __stub___port_create
| choke me
| #endif
| 
| int
| main ()
| {
| return port_create ();
|   ;
|   return 0;
| }
configure:20301: result: no
configure:20313: checking for epoll support
configure:20332: /usr/bin/gcc -o conftest -g3 -gdwarf-2 -pthread -D_REENTRANT -D_GNU_SOURCE  conftest.c -lcrypt  -lpthread >&5
configure:20332: $? = 0
configure:20332: ./conftest
configure:20332: $? = 0
configure:20342: result: yes
configure:20352: checking for epoll_create1 support
configure:20371: /usr/bin/gcc -o conftest -g3 -gdwarf-2 -pthread -D_REENTRANT -D_GNU_SOURCE  conftest.c -lcrypt  -lpthread >&5
configure:20371: $? = 0
configure:20371: ./conftest
configure:20371: $? = 0
configure:20381: result: yes
configure:20391: checking for dup3 support
configure:20409: /usr/bin/gcc -o conftest -g3 -gdwarf-2 -pthread -D_REENTRANT -D_GNU_SOURCE  conftest.c -lcrypt  -lpthread >&5
configure:20409: $? = 0
configure:20409: ./conftest
configure:20409: $? = 0
configure:20419: result: yes
configure:20429: checking for accept4 support
configure:20511: /usr/bin/gcc -o conftest -g3 -gdwarf-2 -pthread -D_REENTRANT -D_GNU_SOURCE  conftest.c -lcrypt  -lpthread >&5
configure:20511: $? = 0
configure:20511: ./conftest
configure:20511: $? = 0
configure:20521: result: yes
configure:20530: checking for SOCK_CLOEXEC support
configure:20549: /usr/bin/gcc -o conftest -g3 -gdwarf-2 -pthread -D_REENTRANT -D_GNU_SOURCE  conftest.c -lcrypt  -lpthread >&5
configure:20549: $? = 0
configure:20549: ./conftest
configure:20549: $? = 0
configure:20559: result: yes
configure:20570: checking for fdatasync
configure:20570: /usr/bin/gcc -o conftest -g3 -gdwarf-2 -pthread -D_REENTRANT -D_GNU_SOURCE  conftest.c -lcrypt  -lpthread >&5
configure:20570: $? = 0
configure:20570: result: yes
configure:20581: checking for epoll_create1 support
configure:20610: result: yes
configure:20620: checking for dup3 support
configure:20648: result: yes
configure:20658: checking for accept4 support
configure:20750: result: yes
configure:20759: checking for SOCK_CLOEXEC support
configure:20788: result: yes
configure:20800: checking for getpwnam_r
configure:20800: /usr/bin/gcc -o conftest -g3 -gdwarf-2 -pthread -D_REENTRANT -D_GNU_SOURCE  conftest.c -lcrypt  -lpthread >&5
configure:20800: $? = 0
configure:20800: result: yes
configure:20800: checking for getpwuid_r
configure:20800: /usr/bin/gcc -o conftest -g3 -gdwarf-2 -pthread -D_REENTRANT -D_GNU_SOURCE  conftest.c -lcrypt  -lpthread >&5
configure:20800: $? = 0
configure:20800: result: yes
configure:20800: checking for getgrnam_r
configure:20800: /usr/bin/gcc -o conftest -g3 -gdwarf-2 -pthread -D_REENTRANT -D_GNU_SOURCE  conftest.c -lcrypt  -lpthread >&5
configure:20800: $? = 0
configure:20800: result: yes
configure:20800: checking for getgrgid_r
configure:20800: /usr/bin/gcc -o conftest -g3 -gdwarf-2 -pthread -D_REENTRANT -D_GNU_SOURCE  conftest.c -lcrypt  -lpthread >&5
configure:20800: $? = 0
configure:20800: result: yes
configure:20814: checking for library containing shm_open
configure:20845: /usr/bin/gcc -o conftest -g3 -gdwarf-2 -pthread -D_REENTRANT -D_GNU_SOURCE  conftest.c -lcrypt  -lpthread >&5
/tmp/ccReUqtG.o: In function `main':
/spare/Telstra/httpd2.4.4/httpd-2.4.4/srclib/apr/conftest.c:66: undefined reference to `shm_open'
collect2: error: ld returned 1 exit status
configure:20845: $? = 1
configure: failed program was:
| /* confdefs.h */
| #define PACKAGE_NAME ""
| #define PACKAGE_TARNAME ""
| #define PACKAGE_VERSION ""
| #define PACKAGE_STRING ""
| #define PACKAGE_BUGREPORT ""
| #define PACKAGE_URL ""
| #define STDC_HEADERS 1
| #define HAVE_SYS_TYPES_H 1
| #define HAVE_SYS_STAT_H 1
| #define HAVE_STDLIB_H 1
| #define HAVE_STRING_H 1
| #define HAVE_MEMORY_H 1
| #define HAVE_STRINGS_H 1
| #define HAVE_INTTYPES_H 1
| #define HAVE_STDINT_H 1
| #define HAVE_UNISTD_H 1
| #define __EXTENSIONS__ 1
| #define _ALL_SOURCE 1
| #define _GNU_SOURCE 1
| #define _POSIX_PTHREAD_SEMANTICS 1
| #define _TANDEM_SOURCE 1
| #define HAVE_DLFCN_H 1
| #define LT_OBJDIR ".libs/"
| #define HAVE_ATOMIC_BUILTINS 1
| #define HAVE_PTHREAD_H 1
| #define HAVE_PTHREAD_H 1
| #define HAVE_PTHREAD_MUTEX_RECURSIVE 1
| #define HAVE_PTHREAD_KEY_DELETE 1
| #define HAVE_PTHREAD_RWLOCK_INIT 1
| #define HAVE_PTHREAD_ATTR_SETGUARDSIZE 1
| #define HAVE_PTHREAD_YIELD 1
| #define HAVE_PTHREAD_RWLOCKS 1
| #define HAVE_GETHOSTBYNAME_R 1
| #define HAVE_GETHOSTBYADDR_R 1
| #define HAVE_GETSERVBYNAME_R 1
| #define HAVE_SIGSUSPEND 1
| #define HAVE_SIGWAIT 1
| #define HAVE_POLL 1
| #define HAVE_EPOLL 1
| #define HAVE_EPOLL_CREATE1 1
| #define HAVE_DUP3 1
| #define HAVE_ACCEPT4 1
| #define HAVE_SOCK_CLOEXEC 1
| #define HAVE_FDATASYNC 1
| #define HAVE_EPOLL_CREATE1 1
| #define HAVE_DUP3 1
| #define HAVE_ACCEPT4 1
| #define HAVE_SOCK_CLOEXEC 1
| #define HAVE_GETPWNAM_R 1
| #define HAVE_GETPWUID_R 1
| #define HAVE_GETGRNAM_R 1
| #define HAVE_GETGRGID_R 1
| /* end confdefs.h.  */
| 
| /* Override any GCC internal prototype to avoid an error.
|    Use char because int might match the return type of a GCC
|    builtin and then its argument prototype would still apply.  */
| #ifdef __cplusplus
| extern "C"
| #endif
| char shm_open ();
| int
| main ()
| {
| return shm_open ();
|   ;
|   return 0;
| }
configure:20845: /usr/bin/gcc -o conftest -g3 -gdwarf-2 -pthread -D_REENTRANT -D_GNU_SOURCE  conftest.c -lrt  -lcrypt  -lpthread >&5
configure:20845: $? = 0
configure:20862: result: -lrt
configure:20882: checking for sys/types.h
configure:20882: result: yes
configure:20882: checking sys/mman.h usability
configure:20882: /usr/bin/gcc -c -g3 -gdwarf-2 -pthread -D_REENTRANT -D_GNU_SOURCE conftest.c >&5
configure:20882: $? = 0
configure:20882: result: yes
configure:20882: checking sys/mman.h presence
configure:20882: /usr/bin/gcc -E -D_REENTRANT -D_GNU_SOURCE conftest.c
configure:20882: $? = 0
configure:20882: result: yes
configure:20882: checking for sys/mman.h
configure:20882: result: yes
configure:20882: checking sys/ipc.h usability
configure:20882: /usr/bin/gcc -c -g3 -gdwarf-2 -pthread -D_REENTRANT -D_GNU_SOURCE conftest.c >&5
configure:20882: $? = 0
configure:20882: result: yes
configure:20882: checking sys/ipc.h presence
configure:20882: /usr/bin/gcc -E -D_REENTRANT -D_GNU_SOURCE conftest.c
configure:20882: $? = 0
configure:20882: result: yes
configure:20882: checking for sys/ipc.h
configure:20882: result: yes
configure:20882: checking sys/mutex.h usability
configure:20882: /usr/bin/gcc -c -g3 -gdwarf-2 -pthread -D_REENTRANT -D_GNU_SOURCE conftest.c >&5
conftest.c:91:23: fatal error: sys/mutex.h: No such file or directory
compilation terminated.
configure:20882: $? = 1
configure: failed program was:
| /* confdefs.h */
| #define PACKAGE_NAME ""
| #define PACKAGE_TARNAME ""
| #define PACKAGE_VERSION ""
| #define PACKAGE_STRING ""
| #define PACKAGE_BUGREPORT ""
| #define PACKAGE_URL ""
| #define STDC_HEADERS 1
| #define HAVE_SYS_TYPES_H 1
| #define HAVE_SYS_STAT_H 1
| #define HAVE_STDLIB_H 1
| #define HAVE_STRING_H 1
| #define HAVE_MEMORY_H 1
| #define HAVE_STRINGS_H 1
| #define HAVE_INTTYPES_H 1
| #define HAVE_STDINT_H 1
| #define HAVE_UNISTD_H 1
| #define __EXTENSIONS__ 1
| #define _ALL_SOURCE 1
| #define _GNU_SOURCE 1
| #define _POSIX_PTHREAD_SEMANTICS 1
| #define _TANDEM_SOURCE 1
| #define HAVE_DLFCN_H 1
| #define LT_OBJDIR ".libs/"
| #define HAVE_ATOMIC_BUILTINS 1
| #define HAVE_PTHREAD_H 1
| #define HAVE_PTHREAD_H 1
| #define HAVE_PTHREAD_MUTEX_RECURSIVE 1
| #define HAVE_PTHREAD_KEY_DELETE 1
| #define HAVE_PTHREAD_RWLOCK_INIT 1
| #define HAVE_PTHREAD_ATTR_SETGUARDSIZE 1
| #define HAVE_PTHREAD_YIELD 1
| #define HAVE_PTHREAD_RWLOCKS 1
| #define HAVE_GETHOSTBYNAME_R 1
| #define HAVE_GETHOSTBYADDR_R 1
| #define HAVE_GETSERVBYNAME_R 1
| #define HAVE_SIGSUSPEND 1
| #define HAVE_SIGWAIT 1
| #define HAVE_POLL 1
| #define HAVE_EPOLL 1
| #define HAVE_EPOLL_CREATE1 1
| #define HAVE_DUP3 1
| #define HAVE_ACCEPT4 1
| #define HAVE_SOCK_CLOEXEC 1
| #define HAVE_FDATASYNC 1
| #define HAVE_EPOLL_CREATE1 1
| #define HAVE_DUP3 1
| #define HAVE_ACCEPT4 1
| #define HAVE_SOCK_CLOEXEC 1
| #define HAVE_GETPWNAM_R 1
| #define HAVE_GETPWUID_R 1
| #define HAVE_GETGRNAM_R 1
| #define HAVE_GETGRGID_R 1
| #define HAVE_SYS_TYPES_H 1
| #define HAVE_SYS_MMAN_H 1
| #define HAVE_SYS_IPC_H 1
| /* end confdefs.h.  */
| #include <stdio.h>
| #ifdef HAVE_SYS_TYPES_H
| # include <sys/types.h>
| #endif
| #ifdef HAVE_SYS_STAT_H
| # include <sys/stat.h>
| #endif
| #ifdef STDC_HEADERS
| # include <stdlib.h>
| # include <stddef.h>
| #else
| # ifdef HAVE_STDLIB_H
| #  include <stdlib.h>
| # endif
| #endif
| #ifdef HAVE_STRING_H
| # if !defined STDC_HEADERS && defined HAVE_MEMORY_H
| #  include <memory.h>
| # endif
| # include <string.h>
| #endif
| #ifdef HAVE_STRINGS_H
| # include <strings.h>
| #endif
| #ifdef HAVE_INTTYPES_H
| # include <inttypes.h>
| #endif
| #ifdef HAVE_STDINT_H
| # include <stdint.h>
| #endif
| #ifdef HAVE_UNISTD_H
| # include <unistd.h>
| #endif
| #include <sys/mutex.h>
configure:20882: result: no
configure:20882: checking sys/mutex.h presence
configure:20882: /usr/bin/gcc -E -D_REENTRANT -D_GNU_SOURCE conftest.c
conftest.c:58:23: fatal error: sys/mutex.h: No such file or directory
compilation terminated.
configure:20882: $? = 1
configure: failed program was:
| /* confdefs.h */
| #define PACKAGE_NAME ""
| #define PACKAGE_TARNAME ""
| #define PACKAGE_VERSION ""
| #define PACKAGE_STRING ""
| #define PACKAGE_BUGREPORT ""
| #define PACKAGE_URL ""
| #define STDC_HEADERS 1
| #define HAVE_SYS_TYPES_H 1
| #define HAVE_SYS_STAT_H 1
| #define HAVE_STDLIB_H 1
| #define HAVE_STRING_H 1
| #define HAVE_MEMORY_H 1
| #define HAVE_STRINGS_H 1
| #define HAVE_INTTYPES_H 1
| #define HAVE_STDINT_H 1
| #define HAVE_UNISTD_H 1
| #define __EXTENSIONS__ 1
| #define _ALL_SOURCE 1
| #define _GNU_SOURCE 1
| #define _POSIX_PTHREAD_SEMANTICS 1
| #define _TANDEM_SOURCE 1
| #define HAVE_DLFCN_H 1
| #define LT_OBJDIR ".libs/"
| #define HAVE_ATOMIC_BUILTINS 1
| #define HAVE_PTHREAD_H 1
| #define HAVE_PTHREAD_H 1
| #define HAVE_PTHREAD_MUTEX_RECURSIVE 1
| #define HAVE_PTHREAD_KEY_DELETE 1
| #define HAVE_PTHREAD_RWLOCK_INIT 1
| #define HAVE_PTHREAD_ATTR_SETGUARDSIZE 1
| #define HAVE_PTHREAD_YIELD 1
| #define HAVE_PTHREAD_RWLOCKS 1
| #define HAVE_GETHOSTBYNAME_R 1
| #define HAVE_GETHOSTBYADDR_R 1
| #define HAVE_GETSERVBYNAME_R 1
| #define HAVE_SIGSUSPEND 1
| #define HAVE_SIGWAIT 1
| #define HAVE_POLL 1
| #define HAVE_EPOLL 1
| #define HAVE_EPOLL_CREATE1 1
| #define HAVE_DUP3 1
| #define HAVE_ACCEPT4 1
| #define HAVE_SOCK_CLOEXEC 1
| #define HAVE_FDATASYNC 1
| #define HAVE_EPOLL_CREATE1 1
| #define HAVE_DUP3 1
| #define HAVE_ACCEPT4 1
| #define HAVE_SOCK_CLOEXEC 1
| #define HAVE_GETPWNAM_R 1
| #define HAVE_GETPWUID_R 1
| #define HAVE_GETGRNAM_R 1
| #define HAVE_GETGRGID_R 1
| #define HAVE_SYS_TYPES_H 1
| #define HAVE_SYS_MMAN_H 1
| #define HAVE_SYS_IPC_H 1
| /* end confdefs.h.  */
| #include <sys/mutex.h>
configure:20882: result: no
configure:20882: checking for sys/mutex.h
configure:20882: result: no
configure:20882: checking sys/shm.h usability
configure:20882: /usr/bin/gcc -c -g3 -gdwarf-2 -pthread -D_REENTRANT -D_GNU_SOURCE conftest.c >&5
configure:20882: $? = 0
configure:20882: result: yes
configure:20882: checking sys/shm.h presence
configure:20882: /usr/bin/gcc -E -D_REENTRANT -D_GNU_SOURCE conftest.c
configure:20882: $? = 0
configure:20882: result: yes
configure:20882: checking for sys/shm.h
configure:20882: result: yes
configure:20882: checking sys/file.h usability
configure:20882: /usr/bin/gcc -c -g3 -gdwarf-2 -pthread -D_REENTRANT -D_GNU_SOURCE conftest.c >&5
configure:20882: $? = 0
configure:20882: result: yes
configure:20882: checking sys/file.h presence
configure:20882: /usr/bin/gcc -E -D_REENTRANT -D_GNU_SOURCE conftest.c
configure:20882: $? = 0
configure:20882: result: yes
configure:20882: checking for sys/file.h
configure:20882: result: yes
configure:20882: checking kernel/OS.h usability
configure:20882: /usr/bin/gcc -c -g3 -gdwarf-2 -pthread -D_REENTRANT -D_GNU_SOURCE conftest.c >&5
conftest.c:93:23: fatal error: kernel/OS.h: No such file or directory
compilation terminated.
configure:20882: $? = 1
configure: failed program was:
| /* confdefs.h */
| #define PACKAGE_NAME ""
| #define PACKAGE_TARNAME ""
| #define PACKAGE_VERSION ""
| #define PACKAGE_STRING ""
| #define PACKAGE_BUGREPORT ""
| #define PACKAGE_URL ""
| #define STDC_HEADERS 1
| #define HAVE_SYS_TYPES_H 1
| #define HAVE_SYS_STAT_H 1
| #define HAVE_STDLIB_H 1
| #define HAVE_STRING_H 1
| #define HAVE_MEMORY_H 1
| #define HAVE_STRINGS_H 1
| #define HAVE_INTTYPES_H 1
| #define HAVE_STDINT_H 1
| #define HAVE_UNISTD_H 1
| #define __EXTENSIONS__ 1
| #define _ALL_SOURCE 1
| #define _GNU_SOURCE 1
| #define _POSIX_PTHREAD_SEMANTICS 1
| #define _TANDEM_SOURCE 1
| #define HAVE_DLFCN_H 1
| #define LT_OBJDIR ".libs/"
| #define HAVE_ATOMIC_BUILTINS 1
| #define HAVE_PTHREAD_H 1
| #define HAVE_PTHREAD_H 1
| #define HAVE_PTHREAD_MUTEX_RECURSIVE 1
| #define HAVE_PTHREAD_KEY_DELETE 1
| #define HAVE_PTHREAD_RWLOCK_INIT 1
| #define HAVE_PTHREAD_ATTR_SETGUARDSIZE 1
| #define HAVE_PTHREAD_YIELD 1
| #define HAVE_PTHREAD_RWLOCKS 1
| #define HAVE_GETHOSTBYNAME_R 1
| #define HAVE_GETHOSTBYADDR_R 1
| #define HAVE_GETSERVBYNAME_R 1
| #define HAVE_SIGSUSPEND 1
| #define HAVE_SIGWAIT 1
| #define HAVE_POLL 1
| #define HAVE_EPOLL 1
| #define HAVE_EPOLL_CREATE1 1
| #define HAVE_DUP3 1
| #define HAVE_ACCEPT4 1
| #define HAVE_SOCK_CLOEXEC 1
| #define HAVE_FDATASYNC 1
| #define HAVE_EPOLL_CREATE1 1
| #define HAVE_DUP3 1
| #define HAVE_ACCEPT4 1
| #define HAVE_SOCK_CLOEXEC 1
| #define HAVE_GETPWNAM_R 1
| #define HAVE_GETPWUID_R 1
| #define HAVE_GETGRNAM_R 1
| #define HAVE_GETGRGID_R 1
| #define HAVE_SYS_TYPES_H 1
| #define HAVE_SYS_MMAN_H 1
| #define HAVE_SYS_IPC_H 1
| #define HAVE_SYS_SHM_H 1
| #define HAVE_SYS_FILE_H 1
| /* end confdefs.h.  */
| #include <stdio.h>
| #ifdef HAVE_SYS_TYPES_H
| # include <sys/types.h>
| #endif
| #ifdef HAVE_SYS_STAT_H
| # include <sys/stat.h>
| #endif
| #ifdef STDC_HEADERS
| # include <stdlib.h>
| # include <stddef.h>
| #else
| # ifdef HAVE_STDLIB_H
| #  include <stdlib.h>
| # endif
| #endif
| #ifdef HAVE_STRING_H
| # if !defined STDC_HEADERS && defined HAVE_MEMORY_H
| #  include <memory.h>
| # endif
| # include <string.h>
| #endif
| #ifdef HAVE_STRINGS_H
| # include <strings.h>
| #endif
| #ifdef HAVE_INTTYPES_H
| # include <inttypes.h>
| #endif
| #ifdef HAVE_STDINT_H
| # include <stdint.h>
| #endif
| #ifdef HAVE_UNISTD_H
| # include <unistd.h>
| #endif
| #include <kernel/OS.h>
configure:20882: result: no
configure:20882: checking kernel/OS.h presence
configure:20882: /usr/bin/gcc -E -D_REENTRANT -D_GNU_SOURCE conftest.c
conftest.c:60:23: fatal error: kernel/OS.h: No such file or directory
compilation terminated.
configure:20882: $? = 1
configure: failed program was:
| /* confdefs.h */
| #define PACKAGE_NAME ""
| #define PACKAGE_TARNAME ""
| #define PACKAGE_VERSION ""
| #define PACKAGE_STRING ""
| #define PACKAGE_BUGREPORT ""
| #define PACKAGE_URL ""
| #define STDC_HEADERS 1
| #define HAVE_SYS_TYPES_H 1
| #define HAVE_SYS_STAT_H 1
| #define HAVE_STDLIB_H 1
| #define HAVE_STRING_H 1
| #define HAVE_MEMORY_H 1
| #define HAVE_STRINGS_H 1
| #define HAVE_INTTYPES_H 1
| #define HAVE_STDINT_H 1
| #define HAVE_UNISTD_H 1
| #define __EXTENSIONS__ 1
| #define _ALL_SOURCE 1
| #define _GNU_SOURCE 1
| #define _POSIX_PTHREAD_SEMANTICS 1
| #define _TANDEM_SOURCE 1
| #define HAVE_DLFCN_H 1
| #define LT_OBJDIR ".libs/"
| #define HAVE_ATOMIC_BUILTINS 1
| #define HAVE_PTHREAD_H 1
| #define HAVE_PTHREAD_H 1
| #define HAVE_PTHREAD_MUTEX_RECURSIVE 1
| #define HAVE_PTHREAD_KEY_DELETE 1
| #define HAVE_PTHREAD_RWLOCK_INIT 1
| #define HAVE_PTHREAD_ATTR_SETGUARDSIZE 1
| #define HAVE_PTHREAD_YIELD 1
| #define HAVE_PTHREAD_RWLOCKS 1
| #define HAVE_GETHOSTBYNAME_R 1
| #define HAVE_GETHOSTBYADDR_R 1
| #define HAVE_GETSERVBYNAME_R 1
| #define HAVE_SIGSUSPEND 1
| #define HAVE_SIGWAIT 1
| #define HAVE_POLL 1
| #define HAVE_EPOLL 1
| #define HAVE_EPOLL_CREATE1 1
| #define HAVE_DUP3 1
| #define HAVE_ACCEPT4 1
| #define HAVE_SOCK_CLOEXEC 1
| #define HAVE_FDATASYNC 1
| #define HAVE_EPOLL_CREATE1 1
| #define HAVE_DUP3 1
| #define HAVE_ACCEPT4 1
| #define HAVE_SOCK_CLOEXEC 1
| #define HAVE_GETPWNAM_R 1
| #define HAVE_GETPWUID_R 1
| #define HAVE_GETGRNAM_R 1
| #define HAVE_GETGRGID_R 1
| #define HAVE_SYS_TYPES_H 1
| #define HAVE_SYS_MMAN_H 1
| #define HAVE_SYS_IPC_H 1
| #define HAVE_SYS_SHM_H 1
| #define HAVE_SYS_FILE_H 1
| /* end confdefs.h.  */
| #include <kernel/OS.h>
configure:20882: result: no
configure:20882: checking for kernel/OS.h
configure:20882: result: no
configure:20882: checking os2.h usability
configure:20882: /usr/bin/gcc -c -g3 -gdwarf-2 -pthread -D_REENTRANT -D_GNU_SOURCE conftest.c >&5
conftest.c:93:17: fatal error: os2.h: No such file or directory
compilation terminated.
configure:20882: $? = 1
configure: failed program was:
| /* confdefs.h */
| #define PACKAGE_NAME ""
| #define PACKAGE_TARNAME ""
| #define PACKAGE_VERSION ""
| #define PACKAGE_STRING ""
| #define PACKAGE_BUGREPORT ""
| #define PACKAGE_URL ""
| #define STDC_HEADERS 1
| #define HAVE_SYS_TYPES_H 1
| #define HAVE_SYS_STAT_H 1
| #define HAVE_STDLIB_H 1
| #define HAVE_STRING_H 1
| #define HAVE_MEMORY_H 1
| #define HAVE_STRINGS_H 1
| #define HAVE_INTTYPES_H 1
| #define HAVE_STDINT_H 1
| #define HAVE_UNISTD_H 1
| #define __EXTENSIONS__ 1
| #define _ALL_SOURCE 1
| #define _GNU_SOURCE 1
| #define _POSIX_PTHREAD_SEMANTICS 1
| #define _TANDEM_SOURCE 1
| #define HAVE_DLFCN_H 1
| #define LT_OBJDIR ".libs/"
| #define HAVE_ATOMIC_BUILTINS 1
| #define HAVE_PTHREAD_H 1
| #define HAVE_PTHREAD_H 1
| #define HAVE_PTHREAD_MUTEX_RECURSIVE 1
| #define HAVE_PTHREAD_KEY_DELETE 1
| #define HAVE_PTHREAD_RWLOCK_INIT 1
| #define HAVE_PTHREAD_ATTR_SETGUARDSIZE 1
| #define HAVE_PTHREAD_YIELD 1
| #define HAVE_PTHREAD_RWLOCKS 1
| #define HAVE_GETHOSTBYNAME_R 1
| #define HAVE_GETHOSTBYADDR_R 1
| #define HAVE_GETSERVBYNAME_R 1
| #define HAVE_SIGSUSPEND 1
| #define HAVE_SIGWAIT 1
| #define HAVE_POLL 1
| #define HAVE_EPOLL 1
| #define HAVE_EPOLL_CREATE1 1
| #define HAVE_DUP3 1
| #define HAVE_ACCEPT4 1
| #define HAVE_SOCK_CLOEXEC 1
| #define HAVE_FDATASYNC 1
| #define HAVE_EPOLL_CREATE1 1
| #define HAVE_DUP3 1
| #define HAVE_ACCEPT4 1
| #define HAVE_SOCK_CLOEXEC 1
| #define HAVE_GETPWNAM_R 1
| #define HAVE_GETPWUID_R 1
| #define HAVE_GETGRNAM_R 1
| #define HAVE_GETGRGID_R 1
| #define HAVE_SYS_TYPES_H 1
| #define HAVE_SYS_MMAN_H 1
| #define HAVE_SYS_IPC_H 1
| #define HAVE_SYS_SHM_H 1
| #define HAVE_SYS_FILE_H 1
| /* end confdefs.h.  */
| #include <stdio.h>
| #ifdef HAVE_SYS_TYPES_H
| # include <sys/types.h>
| #endif
| #ifdef HAVE_SYS_STAT_H
| # include <sys/stat.h>
| #endif
| #ifdef STDC_HEADERS
| # include <stdlib.h>
| # include <stddef.h>
| #else
| # ifdef HAVE_STDLIB_H
| #  include <stdlib.h>
| # endif
| #endif
| #ifdef HAVE_STRING_H
| # if !defined STDC_HEADERS && defined HAVE_MEMORY_H
| #  include <memory.h>
| # endif
| # include <string.h>
| #endif
| #ifdef HAVE_STRINGS_H
| # include <strings.h>
| #endif
| #ifdef HAVE_INTTYPES_H
| # include <inttypes.h>
| #endif
| #ifdef HAVE_STDINT_H
| # include <stdint.h>
| #endif
| #ifdef HAVE_UNISTD_H
| # include <unistd.h>
| #endif
| #include <os2.h>
configure:20882: result: no
configure:20882: checking os2.h presence
configure:20882: /usr/bin/gcc -E -D_REENTRANT -D_GNU_SOURCE conftest.c
conftest.c:60:17: fatal error: os2.h: No such file or directory
compilation terminated.
configure:20882: $? = 1
configure: failed program was:
| /* confdefs.h */
| #define PACKAGE_NAME ""
| #define PACKAGE_TARNAME ""
| #define PACKAGE_VERSION ""
| #define PACKAGE_STRING ""
| #define PACKAGE_BUGREPORT ""
| #define PACKAGE_URL ""
| #define STDC_HEADERS 1
| #define HAVE_SYS_TYPES_H 1
| #define HAVE_SYS_STAT_H 1
| #define HAVE_STDLIB_H 1
| #define HAVE_STRING_H 1
| #define HAVE_MEMORY_H 1
| #define HAVE_STRINGS_H 1
| #define HAVE_INTTYPES_H 1
| #define HAVE_STDINT_H 1
| #define HAVE_UNISTD_H 1
| #define __EXTENSIONS__ 1
| #define _ALL_SOURCE 1
| #define _GNU_SOURCE 1
| #define _POSIX_PTHREAD_SEMANTICS 1
| #define _TANDEM_SOURCE 1
| #define HAVE_DLFCN_H 1
| #define LT_OBJDIR ".libs/"
| #define HAVE_ATOMIC_BUILTINS 1
| #define HAVE_PTHREAD_H 1
| #define HAVE_PTHREAD_H 1
| #define HAVE_PTHREAD_MUTEX_RECURSIVE 1
| #define HAVE_PTHREAD_KEY_DELETE 1
| #define HAVE_PTHREAD_RWLOCK_INIT 1
| #define HAVE_PTHREAD_ATTR_SETGUARDSIZE 1
| #define HAVE_PTHREAD_YIELD 1
| #define HAVE_PTHREAD_RWLOCKS 1
| #define HAVE_GETHOSTBYNAME_R 1
| #define HAVE_GETHOSTBYADDR_R 1
| #define HAVE_GETSERVBYNAME_R 1
| #define HAVE_SIGSUSPEND 1
| #define HAVE_SIGWAIT 1
| #define HAVE_POLL 1
| #define HAVE_EPOLL 1
| #define HAVE_EPOLL_CREATE1 1
| #define HAVE_DUP3 1
| #define HAVE_ACCEPT4 1
| #define HAVE_SOCK_CLOEXEC 1
| #define HAVE_FDATASYNC 1
| #define HAVE_EPOLL_CREATE1 1
| #define HAVE_DUP3 1
| #define HAVE_ACCEPT4 1
| #define HAVE_SOCK_CLOEXEC 1
| #define HAVE_GETPWNAM_R 1
| #define HAVE_GETPWUID_R 1
| #define HAVE_GETGRNAM_R 1
| #define HAVE_GETGRGID_R 1
| #define HAVE_SYS_TYPES_H 1
| #define HAVE_SYS_MMAN_H 1
| #define HAVE_SYS_IPC_H 1
| #define HAVE_SYS_SHM_H 1
| #define HAVE_SYS_FILE_H 1
| /* end confdefs.h.  */
| #include <os2.h>
configure:20882: result: no
configure:20882: checking for os2.h
configure:20882: result: no
configure:20882: checking windows.h usability
configure:20882: /usr/bin/gcc -c -g3 -gdwarf-2 -pthread -D_REENTRANT -D_GNU_SOURCE conftest.c >&5
conftest.c:93:21: fatal error: windows.h: No such file or directory
compilation terminated.
configure:20882: $? = 1
configure: failed program was:
| /* confdefs.h */
| #define PACKAGE_NAME ""
| #define PACKAGE_TARNAME ""
| #define PACKAGE_VERSION ""
| #define PACKAGE_STRING ""
| #define PACKAGE_BUGREPORT ""
| #define PACKAGE_URL ""
| #define STDC_HEADERS 1
| #define HAVE_SYS_TYPES_H 1
| #define HAVE_SYS_STAT_H 1
| #define HAVE_STDLIB_H 1
| #define HAVE_STRING_H 1
| #define HAVE_MEMORY_H 1
| #define HAVE_STRINGS_H 1
| #define HAVE_INTTYPES_H 1
| #define HAVE_STDINT_H 1
| #define HAVE_UNISTD_H 1
| #define __EXTENSIONS__ 1
| #define _ALL_SOURCE 1
| #define _GNU_SOURCE 1
| #define _POSIX_PTHREAD_SEMANTICS 1
| #define _TANDEM_SOURCE 1
| #define HAVE_DLFCN_H 1
| #define LT_OBJDIR ".libs/"
| #define HAVE_ATOMIC_BUILTINS 1
| #define HAVE_PTHREAD_H 1
| #define HAVE_PTHREAD_H 1
| #define HAVE_PTHREAD_MUTEX_RECURSIVE 1
| #define HAVE_PTHREAD_KEY_DELETE 1
| #define HAVE_PTHREAD_RWLOCK_INIT 1
| #define HAVE_PTHREAD_ATTR_SETGUARDSIZE 1
| #define HAVE_PTHREAD_YIELD 1
| #define HAVE_PTHREAD_RWLOCKS 1
| #define HAVE_GETHOSTBYNAME_R 1
| #define HAVE_GETHOSTBYADDR_R 1
| #define HAVE_GETSERVBYNAME_R 1
| #define HAVE_SIGSUSPEND 1
| #define HAVE_SIGWAIT 1
| #define HAVE_POLL 1
| #define HAVE_EPOLL 1
| #define HAVE_EPOLL_CREATE1 1
| #define HAVE_DUP3 1
| #define HAVE_ACCEPT4 1
| #define HAVE_SOCK_CLOEXEC 1
| #define HAVE_FDATASYNC 1
| #define HAVE_EPOLL_CREATE1 1
| #define HAVE_DUP3 1
| #define HAVE_ACCEPT4 1
| #define HAVE_SOCK_CLOEXEC 1
| #define HAVE_GETPWNAM_R 1
| #define HAVE_GETPWUID_R 1
| #define HAVE_GETGRNAM_R 1
| #define HAVE_GETGRGID_R 1
| #define HAVE_SYS_TYPES_H 1
| #define HAVE_SYS_MMAN_H 1
| #define HAVE_SYS_IPC_H 1
| #define HAVE_SYS_SHM_H 1
| #define HAVE_SYS_FILE_H 1
| /* end confdefs.h.  */
| #include <stdio.h>
| #ifdef HAVE_SYS_TYPES_H
| # include <sys/types.h>
| #endif
| #ifdef HAVE_SYS_STAT_H
| # include <sys/stat.h>
| #endif
| #ifdef STDC_HEADERS
| # include <stdlib.h>
| # include <stddef.h>
| #else
| # ifdef HAVE_STDLIB_H
| #  include <stdlib.h>
| # endif
| #endif
| #ifdef HAVE_STRING_H
| # if !defined STDC_HEADERS && defined HAVE_MEMORY_H
| #  include <memory.h>
| # endif
| # include <string.h>
| #endif
| #ifdef HAVE_STRINGS_H
| # include <strings.h>
| #endif
| #ifdef HAVE_INTTYPES_H
| # include <inttypes.h>
| #endif
| #ifdef HAVE_STDINT_H
| # include <stdint.h>
| #endif
| #ifdef HAVE_UNISTD_H
| # include <unistd.h>
| #endif
| #include <windows.h>
configure:20882: result: no
configure:20882: checking windows.h presence
configure:20882: /usr/bin/gcc -E -D_REENTRANT -D_GNU_SOURCE conftest.c
conftest.c:60:21: fatal error: windows.h: No such file or directory
compilation terminated.
configure:20882: $? = 1
configure: failed program was:
| /* confdefs.h */
| #define PACKAGE_NAME ""
| #define PACKAGE_TARNAME ""
| #define PACKAGE_VERSION ""
| #define PACKAGE_STRING ""
| #define PACKAGE_BUGREPORT ""
| #define PACKAGE_URL ""
| #define STDC_HEADERS 1
| #define HAVE_SYS_TYPES_H 1
| #define HAVE_SYS_STAT_H 1
| #define HAVE_STDLIB_H 1
| #define HAVE_STRING_H 1
| #define HAVE_MEMORY_H 1
| #define HAVE_STRINGS_H 1
| #define HAVE_INTTYPES_H 1
| #define HAVE_STDINT_H 1
| #define HAVE_UNISTD_H 1
| #define __EXTENSIONS__ 1
| #define _ALL_SOURCE 1
| #define _GNU_SOURCE 1
| #define _POSIX_PTHREAD_SEMANTICS 1
| #define _TANDEM_SOURCE 1
| #define HAVE_DLFCN_H 1
| #define LT_OBJDIR ".libs/"
| #define HAVE_ATOMIC_BUILTINS 1
| #define HAVE_PTHREAD_H 1
| #define HAVE_PTHREAD_H 1
| #define HAVE_PTHREAD_MUTEX_RECURSIVE 1
| #define HAVE_PTHREAD_KEY_DELETE 1
| #define HAVE_PTHREAD_RWLOCK_INIT 1
| #define HAVE_PTHREAD_ATTR_SETGUARDSIZE 1
| #define HAVE_PTHREAD_YIELD 1
| #define HAVE_PTHREAD_RWLOCKS 1
| #define HAVE_GETHOSTBYNAME_R 1
| #define HAVE_GETHOSTBYADDR_R 1
| #define HAVE_GETSERVBYNAME_R 1
| #define HAVE_SIGSUSPEND 1
| #define HAVE_SIGWAIT 1
| #define HAVE_POLL 1
| #define HAVE_EPOLL 1
| #define HAVE_EPOLL_CREATE1 1
| #define HAVE_DUP3 1
| #define HAVE_ACCEPT4 1
| #define HAVE_SOCK_CLOEXEC 1
| #define HAVE_FDATASYNC 1
| #define HAVE_EPOLL_CREATE1 1
| #define HAVE_DUP3 1
| #define HAVE_ACCEPT4 1
| #define HAVE_SOCK_CLOEXEC 1
| #define HAVE_GETPWNAM_R 1
| #define HAVE_GETPWUID_R 1
| #define HAVE_GETGRNAM_R 1
| #define HAVE_GETGRGID_R 1
| #define HAVE_SYS_TYPES_H 1
| #define HAVE_SYS_MMAN_H 1
| #define HAVE_SYS_IPC_H 1
| #define HAVE_SYS_SHM_H 1
| #define HAVE_SYS_FILE_H 1
| /* end confdefs.h.  */
| #include <windows.h>
configure:20882: result: no
configure:20882: checking for windows.h
configure:20882: result: no
configure:20896: checking for mmap
configure:20896: /usr/bin/gcc -o conftest -g3 -gdwarf-2 -pthread -D_REENTRANT -D_GNU_SOURCE  conftest.c -lrt -lcrypt  -lpthread >&5
configure:20896: $? = 0
configure:20896: result: yes
configure:20896: checking for munmap
configure:20896: /usr/bin/gcc -o conftest -g3 -gdwarf-2 -pthread -D_REENTRANT -D_GNU_SOURCE  conftest.c -lrt -lcrypt  -lpthread >&5
configure:20896: $? = 0
configure:20896: result: yes
configure:20896: checking for shm_open
configure:20896: /usr/bin/gcc -o conftest -g3 -gdwarf-2 -pthread -D_REENTRANT -D_GNU_SOURCE  conftest.c -lrt -lcrypt  -lpthread >&5
configure:20896: $? = 0
configure:20896: result: yes
configure:20896: checking for shm_unlink
configure:20896: /usr/bin/gcc -o conftest -g3 -gdwarf-2 -pthread -D_REENTRANT -D_GNU_SOURCE  conftest.c -lrt -lcrypt  -lpthread >&5
configure:20896: $? = 0
configure:20896: result: yes
configure:20896: checking for shmget
configure:20896: /usr/bin/gcc -o conftest -g3 -gdwarf-2 -pthread -D_REENTRANT -D_GNU_SOURCE  conftest.c -lrt -lcrypt  -lpthread >&5
configure:20896: $? = 0
configure:20896: result: yes
configure:20896: checking for shmat
configure:20896: /usr/bin/gcc -o conftest -g3 -gdwarf-2 -pthread -D_REENTRANT -D_GNU_SOURCE  conftest.c -lrt -lcrypt  -lpthread >&5
configure:20896: $? = 0
configure:20896: result: yes
configure:20896: checking for shmdt
configure:20896: /usr/bin/gcc -o conftest -g3 -gdwarf-2 -pthread -D_REENTRANT -D_GNU_SOURCE  conftest.c -lrt -lcrypt  -lpthread >&5

## ---------------- ##
## Cache variables. ##
## ---------------- ##

ac_cv_build=x86_64-unknown-linux-gnu
ac_cv_c_compiler_gnu=yes
ac_cv_define_GETHOSTBYADDR_IS_THREAD_SAFE=no
ac_cv_define_GETHOSTBYNAME_IS_THREAD_SAFE=no
ac_cv_define_GETSERVBYNAME_IS_THREAD_SAFE=no
ac_cv_define_READDIR_IS_THREAD_SAFE=no
ac_cv_ebcdic=no
ac_cv_env_CC_set=set
ac_cv_env_CC_value=/usr/bin/gcc
ac_cv_env_CFLAGS_set=set
ac_cv_env_CFLAGS_value='-g3 -gdwarf-2'
ac_cv_env_CPPFLAGS_set=
ac_cv_env_CPPFLAGS_value=
ac_cv_env_CPP_set=
ac_cv_env_CPP_value=
ac_cv_env_LDFLAGS_set=
ac_cv_env_LDFLAGS_value=
ac_cv_env_LIBS_set=
ac_cv_env_LIBS_value=
ac_cv_env_build_alias_set=
ac_cv_env_build_alias_value=
ac_cv_env_host_alias_set=
ac_cv_env_host_alias_value=
ac_cv_env_target_alias_set=
ac_cv_env_target_alias_value=
ac_cv_func_fdatasync=yes
ac_cv_func_getgrgid_r=yes
ac_cv_func_getgrnam_r=yes
ac_cv_func_gethostbyaddr_r=yes
ac_cv_func_gethostbyname_r=yes
ac_cv_func_getpwnam_r=yes
ac_cv_func_getpwuid_r=yes
ac_cv_func_getservbyname_r=yes
ac_cv_func_kqueue=no
ac_cv_func_mmap=yes
ac_cv_func_munmap=yes
ac_cv_func_poll=yes
ac_cv_func_port_create=no
ac_cv_func_pthread_attr_setguardsize=yes
ac_cv_func_pthread_key_delete=yes
ac_cv_func_pthread_rwlock_init=yes
ac_cv_func_pthread_yield=yes
ac_cv_func_shm_open=yes
ac_cv_func_shm_unlink=yes
ac_cv_func_shmat=yes
ac_cv_func_shmget=yes
ac_cv_func_sigsuspend=yes
ac_cv_func_sigwait=yes
ac_cv_header_dlfcn_h=yes
ac_cv_header_inttypes_h=yes
ac_cv_header_kernel_OS_h=no
ac_cv_header_memory_h=yes
ac_cv_header_minix_config_h=no
ac_cv_header_os2_h=no
ac_cv_header_pthread_h=yes
ac_cv_header_stdc=yes
ac_cv_header_stdint_h=yes
ac_cv_header_stdlib_h=yes
ac_cv_header_string_h=yes
ac_cv_header_strings_h=yes
ac_cv_header_sys_file_h=yes
ac_cv_header_sys_ipc_h=yes
ac_cv_header_sys_mman_h=yes
ac_cv_header_sys_mutex_h=no
ac_cv_header_sys_shm_h=yes
ac_cv_header_sys_stat_h=yes
ac_cv_header_sys_types_h=yes
ac_cv_header_unistd_h=yes
ac_cv_header_windows_h=no
ac_cv_host=x86_64-unknown-linux-gnu
ac_cv_lib_c_r_gethostbyaddr=no
ac_cv_lib_c_r_gethostbyname=no
ac_cv_lib_c_r_getservbyname=no
ac_cv_lib_c_r_readdir=no
ac_cv_lib_truerand_main=no
ac_cv_mkdir_p=yes
ac_cv_objext=o
ac_cv_path_EGREP='/usr/bin/grep -E'
ac_cv_path_FGREP='/usr/bin/grep -F'
ac_cv_path_GREP=/usr/bin/grep
ac_cv_path_SED=/usr/bin/sed
ac_cv_path_install='/usr/bin/install -c'
ac_cv_prog_AS=as
ac_cv_prog_ASCPP=cpp
ac_cv_prog_AWK=gawk
ac_cv_prog_CPP='/usr/bin/gcc -E'
ac_cv_prog_RM=rm
ac_cv_prog_ac_ct_AR=ar
ac_cv_prog_ac_ct_CC=/usr/bin/gcc
ac_cv_prog_ac_ct_DLLTOOL=dlltool
ac_cv_prog_ac_ct_OBJDUMP=objdump
ac_cv_prog_ac_ct_RANLIB=ranlib
ac_cv_prog_ac_ct_STRIP=strip
ac_cv_prog_cc_c89=
ac_cv_prog_cc_g=yes
ac_cv_prog_make_make_set=yes
ac_cv_pthread_attr_getdetachstate_one_arg=no
ac_cv_pthread_getspecific_two_args=no
ac_cv_safe_to_define___extensions__=yes
ac_cv_search_crypt=-lcrypt
ac_cv_search_gethostbyname='none required'
ac_cv_search_gethostname='none required'
ac_cv_search_modf='none required'
ac_cv_search_shm_open=-lrt
ac_cv_search_socket='none required'
ac_cv_search_strerror='none required'
ac_cv_target=x86_64-unknown-linux-gnu
ap_cv_atomic_builtins=yes
apr_cv_accept4=yes
apr_cv_dup3=yes
apr_cv_epoll=yes
apr_cv_epoll_create1=yes
apr_cv_mutex_recursive=yes
apr_cv_pthreads_cflags=-pthread
apr_cv_pthreads_lib=-lpthread
apr_cv_sock_cloexec=yes
apr_cv_type_rwlock_t=yes
apr_cv_use_lfs64=no
lt_cv_ar_at_file=@
lt_cv_archive_cmds_need_lc=no
lt_cv_deplibs_check_method=pass_all
lt_cv_file_magic_cmd='$MAGIC_CMD'
lt_cv_file_magic_test_file=
lt_cv_ld_reload_flag=-r
lt_cv_nm_interface='BSD nm'
lt_cv_objdir=.libs
lt_cv_path_LD=/usr/bin/ld
lt_cv_path_NM='/usr/bin/nm -B'
lt_cv_path_mainfest_tool=no
lt_cv_prog_compiler_c_o=yes
lt_cv_prog_compiler_pic='-fPIC -DPIC'
lt_cv_prog_compiler_pic_works=yes
lt_cv_prog_compiler_rtti_exceptions=no
lt_cv_prog_compiler_static_works=no
lt_cv_prog_gnu_ld=yes
lt_cv_sharedlib_from_linklib_cmd='printf %s\n'
lt_cv_shlibpath_overrides_runpath=no
lt_cv_sys_global_symbol_pipe='sed -n -e '\''s/^.*[	 ]\([ABCDGIRSTW][ABCDGIRSTW]*\)[	 ][	 ]*\([_A-Za-z][_A-Za-z0-9]*\)$/\1 \2 \2/p'\'' | sed '\''/ __gnu_lto/d'\'''
lt_cv_sys_global_symbol_to_c_name_address='sed -n -e '\''s/^: \([^ ]*\)[ ]*$/  {\"\1\", (void *) 0},/p'\'' -e '\''s/^[ABCDGIRSTW]* \([^ ]*\) \([^ ]*\)$/  {"\2", (void *) \&\2},/p'\'''
lt_cv_sys_global_symbol_to_c_name_address_lib_prefix='sed -n -e '\''s/^: \([^ ]*\)[ ]*$/  {\"\1\", (void *) 0},/p'\'' -e '\''s/^[ABCDGIRSTW]* \([^ ]*\) \(lib[^ ]*\)$/  {"\2", (void *) \&\2},/p'\'' -e '\''s/^[ABCDGIRSTW]* \([^ ]*\) \([^ ]*\)$/  {"lib\2", (void *) \&\2},/p'\'''
lt_cv_sys_global_symbol_to_cdecl='sed -n -e '\''s/^T .* \(.*\)$/extern int \1();/p'\'' -e '\''s/^[ABCDGIRSTW]* .* \(.*\)$/extern char \1;/p'\'''
lt_cv_sys_max_cmd_len=1572864
lt_cv_to_host_file_cmd=func_convert_file_noop
lt_cv_to_tool_file_cmd=func_convert_file_noop

## ----------------- ##
## Output variables. ##
## ----------------- ##

ALLOCA=''
APR_CONFIG_LOCATION='source'
APR_DOTTED_VERSION='1.4.6'
APR_LIBNAME='apr-${APR_MAJOR_VERSION}'
APR_MAJOR_VERSION='1'
AR='ar'
AS='as'
ASCPP='cpp'
AWK='gawk'
CC='/usr/bin/gcc'
CFLAGS='-g3 -gdwarf-2 -pthread'
CPP='/usr/bin/gcc -E'
CPPFLAGS='-D_REENTRANT -D_GNU_SOURCE'
DEFAULT_OSDIR='unix'
DEFS=''
DLLTOOL='dlltool'
DSYMUTIL=''
DUMPBIN=''
ECHO_C=''
ECHO_N='-n'
ECHO_T=''
EGREP='/usr/bin/grep -E'
EXEEXT=''
EXTRA_CFLAGS=''
EXTRA_CPPFLAGS=''
EXTRA_INCLUDES=''
EXTRA_LDFLAGS=''
EXTRA_LIBS=''
FGREP='/usr/bin/grep -F'
GREP='/usr/bin/grep'
INCLUDES=''
INCLUDE_OUTPUTS=''
INCLUDE_RULES=''
INSTALL_DATA='${INSTALL} -m 644'
INSTALL_PROGRAM='${INSTALL}'
INSTALL_SCRIPT='${INSTALL}'
INSTALL_SUBDIRS='none'
LD='/usr/bin/ld -m elf_x86_64'
LDFLAGS=''
LDLIBS=''
LIBOBJS=''
LIBS='-lrt -lcrypt  -lpthread'
LIBTOOL='$(SHELL) $(apr_builddir)/libtool'
LIBTOOL_LIBS=''
LIPO=''
LN_S='ln -s'
LTFLAGS='--silent'
LTLIBOBJS=''
LT_LDFLAGS=''
LT_NO_INSTALL=''
LT_VERSION='-version-info 4:6:4'
MANIFEST_TOOL=':'
MKDEP='$(CC) -MM'
NM='/usr/bin/nm -B'
NMEDIT=''
NOTEST_CFLAGS=''
NOTEST_CPPFLAGS=''
NOTEST_INCLUDES=''
NOTEST_LDFLAGS=''
NOTEST_LIBS=''
OBJDUMP='objdump'
OBJECTS_PLATFORM='$(OBJECTS_unix)'
OBJEXT='o'
OSDIR='unix'
OTOOL64=''
OTOOL=''
PACKAGE_BUGREPORT=''
PACKAGE_NAME=''
PACKAGE_STRING=''
PACKAGE_TARNAME=''
PACKAGE_URL=''
PACKAGE_VERSION=''
PATH_SEPARATOR=':'
RANLIB='ranlib'
RM='rm'
SED='/usr/bin/sed'
SET_MAKE=''
SHELL='/bin/sh'
STRIP='strip'
ac_ct_AR='ar'
ac_ct_CC='/usr/bin/gcc'
ac_ct_DUMPBIN=''
acceptfilter=''
apr_builddir='/spare/Telstra/httpd2.4.4/httpd-2.4.4/srclib/apr'
apr_builders='/spare/Telstra/httpd2.4.4/httpd-2.4.4/srclib/apr/build'
apr_charset_ebcdic='0'
apr_has_user=''
apr_has_xthread_files=''
apr_inaddr_none=''
apr_procattr_user_set_requires_password=''
apr_srcdir='/spare/Telstra/httpd2.4.4/httpd-2.4.4/srclib/apr'
apr_tcp_nopush_flag=''
apr_thread_func=''
aprdso=''
aprlfs=''
arpa_ineth=''
bigendian=''
bindir='${prefix}/bin'
build='x86_64-unknown-linux-gnu'
build_alias=''
build_cpu='x86_64'
build_os='linux-gnu'
build_vendor='unknown'
conioh=''
crypth=''
ctypeh=''
datadir='/usr/local/apache2'
datarootdir='${prefix}/share'
direnth=''
docdir='${datarootdir}/doc/${PACKAGE}'
dvidir='${docdir}'
eolstr='\n'
errnoh=''
exec_prefix='/usr/local/apache2'
export_lib_target='-rpath \$(libdir) \$(OBJECTS)'
fcntlh=''
fcntlser=''
file_as_socket=''
flockser=''
fork=''
hasfcntlser=''
hasflockser=''
hasposixser=''
hasprocpthreadser=''
hassysvser=''
have_corkable_tcp=''
have_getrlimit=''
have_in_addr=''
have_inet_addr=''
have_inet_network=''
have_iovec=''
have_ipv6=''
have_memchr=''
have_memmove=''
have_proc_invoked=''
have_sa_storage=''
have_sctp=''
have_setrlimit=''
have_sigaction=''
have_sigsuspend='1'
have_sigwait='1'
have_strcasecmp=''
have_strdup=''
have_stricmp=''
have_strncasecmp=''
have_strnicmp=''
have_strstr=''
have_unicode_fs=''
have_union_semun=''
havebeosarea=''
havemmapanon=''
havemmapshm=''
havemmaptmp=''
havemmapzero=''
haveos2shm=''
haveshmget=''
haveshmgetanon=''
havewin32shm=''
host='x86_64-unknown-linux-gnu'
host_alias=''
host_cpu='x86_64'
host_os='linux-gnu'
host_vendor='unknown'
htmldir='${docdir}'
includedir='/usr/local/apache2/include'
infodir='${datarootdir}/info'
ino_t_value=''
installbuilddir='${prefix}/build'
int64_literal=''
int64_t_fmt=''
int64_value=''
int_value=''
ioh=''
lib_target='-rpath $(libdir) $(OBJECTS)'
libdir='${prefix}/lib'
libexecdir='${exec_prefix}/modules'
limitsh=''
link='$(LIBTOOL) $(LTFLAGS) --mode=link $(LT_LDFLAGS) $(COMPILE) $(LT_VERSION) $(ALL_LDFLAGS) -o $@'
localedir='${datarootdir}/locale'
localstatedir='${prefix}'
long_value=''
lt_compile='$(LIBTOOL) $(LTFLAGS) --mode=compile $(COMPILE) -o $@ -c $< && touch $@'
mandir='${prefix}/man'
mmap=''
netdbh=''
netinet_inh=''
netinet_sctp_uioh=''
netinet_sctph=''
netinet_tcph=''
o_nonblock_inherited=''
oc=''
off_t_fmt=''
off_t_value=''
oldincludedir='/usr/include'
osuuid=''
pdfdir='${docdir}'
pid_t_fmt=''
posixser=''
prefix='/usr/local/apache2'
proc_mutex_is_global='0'
processh=''
proclockglobal=''
procpthreadser=''
program_transform_name='s,x,x,'
psdir='${docdir}'
pthreadh='1'
pthreadser='1'
rand=''
sbindir='${exec_prefix}/bin'
semaphoreh=''
sendfile=''
sharedmem=''
sharedstatedir='${prefix}/com'
shlibpath_var='LD_LIBRARY_PATH'
short_value=''
signalh=''
size_t_fmt=''
size_t_value=''
so_ext='lo'
socklen_t_value=''
ssize_t_fmt=''
ssize_t_value=''
stdargh=''
stdint=''
stdioh=''
stdlibh=''
stringh=''
stringsh=''
struct_rlimit=''
sys_ioctlh=''
sys_sendfileh=''
sys_signalh=''
sys_socketh=''
sys_sockioh=''
sys_syslimitsh=''
sys_timeh=''
sys_typesh=''
sys_uioh=''
sys_unh=''
sys_waith=''
sysconfdir='${prefix}/conf'
sysvser=''
target='x86_64-unknown-linux-gnu'
target_alias=''
target_cpu='x86_64'
target_os='linux-gnu'
target_vendor='unknown'
tcp_nodelay_inherited=''
threads='1'
timeh=''
top_builddir='/spare/Telstra/httpd2.4.4/httpd-2.4.4/srclib/apr'
uint64_literal=''
uint64_t_fmt=''
uint64_t_hex_fmt=''
unistdh=''
usebeosarea=''
usemmapanon=''
usemmapshm=''
usemmaptmp=''
usemmapzero=''
useos2shm=''
useshmget=''
useshmgetanon=''
usewin32shm=''
voidp_size=''
windowsh=''
winsock2h=''

## ----------- ##
## confdefs.h. ##
## ----------- ##

/* confdefs.h */
#define PACKAGE_NAME ""
#define PACKAGE_TARNAME ""
#define PACKAGE_VERSION ""
#define PACKAGE_STRING ""
#define PACKAGE_BUGREPORT ""
#define PACKAGE_URL ""
#define STDC_HEADERS 1
#define HAVE_SYS_TYPES_H 1
#define HAVE_SYS_STAT_H 1
#define HAVE_STDLIB_H 1
#define HAVE_STRING_H 1
#define HAVE_MEMORY_H 1
#define HAVE_STRINGS_H 1
#define HAVE_INTTYPES_H 1
#define HAVE_STDINT_H 1
#define HAVE_UNISTD_H 1
#define __EXTENSIONS__ 1
#define _ALL_SOURCE 1
#define _GNU_SOURCE 1
#define _POSIX_PTHREAD_SEMANTICS 1
#define _TANDEM_SOURCE 1
#define HAVE_DLFCN_H 1
#define LT_OBJDIR ".libs/"
#define HAVE_ATOMIC_BUILTINS 1
#define HAVE_PTHREAD_H 1
#define HAVE_PTHREAD_H 1
#define HAVE_PTHREAD_MUTEX_RECURSIVE 1
#define HAVE_PTHREAD_KEY_DELETE 1
#define HAVE_PTHREAD_RWLOCK_INIT 1
#define HAVE_PTHREAD_ATTR_SETGUARDSIZE 1
#define HAVE_PTHREAD_YIELD 1
#define HAVE_PTHREAD_RWLOCKS 1
#define HAVE_GETHOSTBYNAME_R 1
#define HAVE_GETHOSTBYADDR_R 1
#define HAVE_GETSERVBYNAME_R 1
#define HAVE_SIGSUSPEND 1
#define HAVE_SIGWAIT 1
#define HAVE_POLL 1
#define HAVE_EPOLL 1
#define HAVE_EPOLL_CREATE1 1
#define HAVE_DUP3 1
#define HAVE_ACCEPT4 1
#define HAVE_SOCK_CLOEXEC 1
#define HAVE_FDATASYNC 1
#define HAVE_EPOLL_CREATE1 1
#define HAVE_DUP3 1
#define HAVE_ACCEPT4 1
#define HAVE_SOCK_CLOEXEC 1
#define HAVE_GETPWNAM_R 1
#define HAVE_GETPWUID_R 1
#define HAVE_GETGRNAM_R 1
#define HAVE_GETGRGID_R 1
#define HAVE_SYS_TYPES_H 1
#define HAVE_SYS_MMAN_H 1
#define HAVE_SYS_IPC_H 1
#define HAVE_SYS_SHM_H 1
#define HAVE_SYS_FILE_H 1
#define HAVE_MMAP 1
#define HAVE_MUNMAP 1
#define HAVE_SHM_OPEN 1
#define HAVE_SHM_UNLINK 1
#define HAVE_SHMGET 1
#define HAVE_SHMAT 1

configure: caught signal 15
configure: exit 1
